Job 1120578: Running on node(s) kusel
Job 1120578: Started at 2024-07-09 15:41:08+0200
Monitor this job here: http://monitoring.pegasus.kl.dfki.de/d/slurm-job-details/job-details?var-jobid=1120578&from=1720532468000
srun: jobinfo: version v1.0.0
Job 1120578: Running on node(s) kusel
Job 1120578: Started at 2024-07-09 15:41:08+0200
Monitor this job here: http://monitoring.pegasus.kl.dfki.de/d/slurm-job-details/job-details?var-jobid=1120578&from=1720532468000
Job 1120578: creating container for /netscratch/jsingh/pyskl7.sqsh
Job 1120578: creating container for /netscratch/jsingh/pyskl7.sqsh took 63.9 seconds
2024-07-09 15:42:17,558 - pyskl - INFO - Environment info:
------------------------------------------------------------
sys.platform: linux
Python: 3.7.11 (default, Jul 27 2021, 14:32:16) [GCC 7.5.0]
CUDA available: True
GPU 0,1,2,3: Quadro RTX 6000
CUDA_HOME: /usr/local/cuda
NVCC: Cuda compilation tools, release 11.1, V11.1.105
GCC: gcc (Ubuntu 9.3.0-17ubuntu1~20.04) 9.3.0
PyTorch: 1.11.0
PyTorch compiling details: PyTorch built with:
  - GCC 7.3
  - C++ Version: 201402
  - Intel(R) oneAPI Math Kernel Library Version 2021.4-Product Build 20210904 for Intel(R) 64 architecture applications
  - Intel(R) MKL-DNN v2.5.2 (Git Hash a9302535553c73243c632ad3c4c80beec3d19a1e)
  - OpenMP 201511 (a.k.a. OpenMP 4.5)
  - LAPACK is enabled (usually provided by MKL)
  - NNPACK is enabled
  - CPU capability usage: AVX2
  - CUDA Runtime 11.3
  - NVCC architecture flags: -gencode;arch=compute_37,code=sm_37;-gencode;arch=compute_50,code=sm_50;-gencode;arch=compute_60,code=sm_60;-gencode;arch=compute_61,code=sm_61;-gencode;arch=compute_70,code=sm_70;-gencode;arch=compute_75,code=sm_75;-gencode;arch=compute_80,code=sm_80;-gencode;arch=compute_86,code=sm_86;-gencode;arch=compute_37,code=compute_37
  - CuDNN 8.2
  - Magma 2.5.2
  - Build settings: BLAS_INFO=mkl, BUILD_TYPE=Release, CUDA_VERSION=11.3, CUDNN_VERSION=8.2.0, CXX_COMPILER=/opt/rh/devtoolset-7/root/usr/bin/c++, CXX_FLAGS= -Wno-deprecated -fvisibility-inlines-hidden -DUSE_PTHREADPOOL -fopenmp -DNDEBUG -DUSE_KINETO -DUSE_FBGEMM -DUSE_QNNPACK -DUSE_PYTORCH_QNNPACK -DUSE_XNNPACK -DSYMBOLICATE_MOBILE_DEBUG_HANDLE -DEDGE_PROFILER_USE_KINETO -O2 -fPIC -Wno-narrowing -Wall -Wextra -Werror=return-type -Wno-missing-field-initializers -Wno-type-limits -Wno-array-bounds -Wno-unknown-pragmas -Wno-sign-compare -Wno-unused-parameter -Wno-unused-function -Wno-unused-result -Wno-unused-local-typedefs -Wno-strict-overflow -Wno-strict-aliasing -Wno-error=deprecated-declarations -Wno-stringop-overflow -Wno-psabi -Wno-error=pedantic -Wno-error=redundant-decls -Wno-error=old-style-cast -fdiagnostics-color=always -faligned-new -Wno-unused-but-set-variable -Wno-maybe-uninitialized -fno-math-errno -fno-trapping-math -Werror=format -Wno-stringop-overflow, LAPACK_INFO=mkl, PERF_WITH_AVX=1, PERF_WITH_AVX2=1, PERF_WITH_AVX512=1, TORCH_VERSION=1.11.0, USE_CUDA=ON, USE_CUDNN=ON, USE_EXCEPTION_PTR=1, USE_GFLAGS=OFF, USE_GLOG=OFF, USE_MKL=ON, USE_MKLDNN=OFF, USE_MPI=OFF, USE_NCCL=ON, USE_NNPACK=ON, USE_OPENMP=ON, USE_ROCM=OFF, 

TorchVision: 0.12.0
OpenCV: 4.10.0
MMCV: 1.5.0
MMCV Compiler: GCC 7.3
MMCV CUDA Compiler: 11.3
pyskl: 0.1.0+99609cf
------------------------------------------------------------

2024-07-09 15:42:19,712 - pyskl - INFO - Config: model = dict(
    type='Recognizer3D',
    backbone=dict(
        type='ResNet3dSlowOnly',
        in_channels=17,
        base_channels=32,
        num_stages=3,
        out_indices=(2, ),
        stage_blocks=(4, 6, 3),
        conv1_stride=(1, 1),
        pool1_stride=(1, 1),
        inflate=(0, 1, 1),
        spatial_strides=(2, 2, 2),
        temporal_strides=(1, 1, 2)),
    cls_head=dict(
        type='I3DHead', in_channels=512, num_classes=60, dropout=0.5),
    test_cfg=dict(average_clips='prob'))
dataset_type = 'PoseDataset'
ann_file = '/netscratch/jsingh/ntu60_hrnet.pkl'
left_kp = [1, 3, 5, 7, 9, 11, 13, 15]
right_kp = [2, 4, 6, 8, 10, 12, 14, 16]
skeletons = [[0, 5], [0, 6], [5, 7], [7, 9], [6, 8], [8, 10], [5, 11],
             [11, 13], [13, 15], [6, 12], [12, 14], [14, 16], [0, 1], [0, 2],
             [1, 3], [2, 4], [11, 12]]
left_limb = [0, 2, 3, 6, 7, 8, 12, 14]
right_limb = [1, 4, 5, 9, 10, 11, 13, 15]
train_pipeline = [
    dict(type='UniformSampleFrames', clip_len=48),
    dict(type='PoseDecode'),
    dict(type='PoseCompact', hw_ratio=1.0, allow_imgpad=True),
    dict(type='Resize', scale=(-1, 64)),
    dict(type='RandomResizedCrop', area_range=(0.56, 1.0)),
    dict(type='Resize', scale=(56, 56), keep_ratio=False),
    dict(
        type='Flip',
        flip_ratio=0.5,
        left_kp=[1, 3, 5, 7, 9, 11, 13, 15],
        right_kp=[2, 4, 6, 8, 10, 12, 14, 16]),
    dict(
        type='GeneratePoseTarget',
        with_kp=False,
        with_limb=True,
        skeletons=[[0, 5], [0, 6], [5, 7], [7, 9], [6, 8], [8, 10], [5, 11],
                   [11, 13], [13, 15], [6, 12], [12, 14], [14, 16], [0, 1],
                   [0, 2], [1, 3], [2, 4], [11, 12]]),
    dict(type='FormatShape', input_format='NCTHW_Heatmap'),
    dict(type='Collect', keys=['imgs', 'label'], meta_keys=[]),
    dict(type='ToTensor', keys=['imgs', 'label'])
]
val_pipeline = [
    dict(type='UniformSampleFrames', clip_len=48, num_clips=1),
    dict(type='PoseDecode'),
    dict(type='PoseCompact', hw_ratio=1.0, allow_imgpad=True),
    dict(type='Resize', scale=(64, 64), keep_ratio=False),
    dict(
        type='GeneratePoseTarget',
        with_kp=False,
        with_limb=True,
        skeletons=[[0, 5], [0, 6], [5, 7], [7, 9], [6, 8], [8, 10], [5, 11],
                   [11, 13], [13, 15], [6, 12], [12, 14], [14, 16], [0, 1],
                   [0, 2], [1, 3], [2, 4], [11, 12]]),
    dict(type='FormatShape', input_format='NCTHW_Heatmap'),
    dict(type='Collect', keys=['imgs', 'label'], meta_keys=[]),
    dict(type='ToTensor', keys=['imgs'])
]
test_pipeline = [
    dict(type='UniformSampleFrames', clip_len=48, num_clips=10),
    dict(type='PoseDecode'),
    dict(type='PoseCompact', hw_ratio=1.0, allow_imgpad=True),
    dict(type='Resize', scale=(64, 64), keep_ratio=False),
    dict(
        type='GeneratePoseTarget',
        with_kp=False,
        with_limb=True,
        skeletons=[[0, 5], [0, 6], [5, 7], [7, 9], [6, 8], [8, 10], [5, 11],
                   [11, 13], [13, 15], [6, 12], [12, 14], [14, 16], [0, 1],
                   [0, 2], [1, 3], [2, 4], [11, 12]],
        double=True,
        left_kp=[1, 3, 5, 7, 9, 11, 13, 15],
        right_kp=[2, 4, 6, 8, 10, 12, 14, 16],
        left_limb=[0, 2, 3, 6, 7, 8, 12, 14],
        right_limb=[1, 4, 5, 9, 10, 11, 13, 15]),
    dict(type='FormatShape', input_format='NCTHW_Heatmap'),
    dict(type='Collect', keys=['imgs', 'label'], meta_keys=[]),
    dict(type='ToTensor', keys=['imgs'])
]
data = dict(
    videos_per_gpu=32,
    workers_per_gpu=4,
    test_dataloader=dict(videos_per_gpu=1),
    train=dict(
        type='RepeatDataset',
        times=10,
        dataset=dict(
            type='PoseDataset',
            ann_file='/netscratch/jsingh/ntu60_hrnet.pkl',
            split='xsub_train',
            pipeline=[
                dict(type='UniformSampleFrames', clip_len=48),
                dict(type='PoseDecode'),
                dict(type='PoseCompact', hw_ratio=1.0, allow_imgpad=True),
                dict(type='Resize', scale=(-1, 64)),
                dict(type='RandomResizedCrop', area_range=(0.56, 1.0)),
                dict(type='Resize', scale=(56, 56), keep_ratio=False),
                dict(
                    type='Flip',
                    flip_ratio=0.5,
                    left_kp=[1, 3, 5, 7, 9, 11, 13, 15],
                    right_kp=[2, 4, 6, 8, 10, 12, 14, 16]),
                dict(
                    type='GeneratePoseTarget',
                    with_kp=False,
                    with_limb=True,
                    skeletons=[[0, 5], [0, 6], [5, 7], [7, 9], [6, 8], [8, 10],
                               [5, 11], [11, 13], [13, 15], [6, 12], [12, 14],
                               [14, 16], [0, 1], [0, 2], [1, 3], [2, 4],
                               [11, 12]]),
                dict(type='FormatShape', input_format='NCTHW_Heatmap'),
                dict(type='Collect', keys=['imgs', 'label'], meta_keys=[]),
                dict(type='ToTensor', keys=['imgs', 'label'])
            ])),
    val=dict(
        type='PoseDataset',
        ann_file='/netscratch/jsingh/ntu60_hrnet.pkl',
        split='xsub_val',
        pipeline=[
            dict(type='UniformSampleFrames', clip_len=48, num_clips=1),
            dict(type='PoseDecode'),
            dict(type='PoseCompact', hw_ratio=1.0, allow_imgpad=True),
            dict(type='Resize', scale=(64, 64), keep_ratio=False),
            dict(
                type='GeneratePoseTarget',
                with_kp=False,
                with_limb=True,
                skeletons=[[0, 5], [0, 6], [5, 7], [7, 9], [6, 8], [8, 10],
                           [5, 11], [11, 13], [13, 15], [6, 12], [12, 14],
                           [14, 16], [0, 1], [0, 2], [1, 3], [2, 4], [11,
                                                                      12]]),
            dict(type='FormatShape', input_format='NCTHW_Heatmap'),
            dict(type='Collect', keys=['imgs', 'label'], meta_keys=[]),
            dict(type='ToTensor', keys=['imgs'])
        ]),
    test=dict(
        type='PoseDataset',
        ann_file='/netscratch/jsingh/ntu60_hrnet.pkl',
        split='xsub_val',
        pipeline=[
            dict(type='UniformSampleFrames', clip_len=48, num_clips=10),
            dict(type='PoseDecode'),
            dict(type='PoseCompact', hw_ratio=1.0, allow_imgpad=True),
            dict(type='Resize', scale=(64, 64), keep_ratio=False),
            dict(
                type='GeneratePoseTarget',
                with_kp=False,
                with_limb=True,
                skeletons=[[0, 5], [0, 6], [5, 7], [7, 9], [6, 8], [8, 10],
                           [5, 11], [11, 13], [13, 15], [6, 12], [12, 14],
                           [14, 16], [0, 1], [0, 2], [1, 3], [2, 4], [11, 12]],
                double=True,
                left_kp=[1, 3, 5, 7, 9, 11, 13, 15],
                right_kp=[2, 4, 6, 8, 10, 12, 14, 16],
                left_limb=[0, 2, 3, 6, 7, 8, 12, 14],
                right_limb=[1, 4, 5, 9, 10, 11, 13, 15]),
            dict(type='FormatShape', input_format='NCTHW_Heatmap'),
            dict(type='Collect', keys=['imgs', 'label'], meta_keys=[]),
            dict(type='ToTensor', keys=['imgs'])
        ]))
optimizer = dict(type='SGD', lr=0.4, momentum=0.9, weight_decay=0.0003)
optimizer_config = dict(grad_clip=dict(max_norm=40, norm_type=2))
lr_config = dict(policy='CosineAnnealing', by_epoch=False, min_lr=0)
total_epochs = 24
checkpoint_config = dict(interval=1)
evaluation = dict(
    interval=1, metrics=['top_k_accuracy', 'mean_class_accuracy'], topk=(1, 5))
log_config = dict(interval=20, hooks=[dict(type='TextLoggerHook')])
log_level = 'INFO'
work_dir = './work_dirs/posec3d/slowonly_r50_ntu60_xsub/limb'
dist_params = dict(backend='nccl')
gpu_ids = range(0, 1)
resume_from = './work_dirs/posec3d/slowonly_r50_ntu60_xsub/limb/latest.pth'

2024-07-09 15:42:19,712 - pyskl - INFO - Set random seed to 650196344, deterministic: False
2024-07-09 15:42:24,188 - pyskl - INFO - 40091 videos remain after valid thresholding
2024-07-09 15:42:32,404 - pyskl - INFO - 16487 videos remain after valid thresholding
2024-07-09 15:42:32,409 - pyskl - INFO - load checkpoint from local path: ./work_dirs/posec3d/slowonly_r50_ntu60_xsub/limb/latest.pth
2024-07-09 15:42:32,536 - pyskl - INFO - resumed epoch 4, iter 50116
2024-07-09 15:42:32,537 - pyskl - INFO - Start running, host: jsingh@kusel, work_dir: /home/jsingh/projects/thesis/code/pyskl_thesis/work_dirs/posec3d/slowonly_r50_ntu60_xsub/limb
2024-07-09 15:42:32,537 - pyskl - INFO - Hooks will be executed in the following order:
before_run:
(VERY_HIGH   ) CosineAnnealingLrUpdaterHook       
(NORMAL      ) CheckpointHook                     
(NORMAL      ) DistEvalHook                       
(VERY_LOW    ) TextLoggerHook                     
 -------------------- 
before_train_epoch:
(VERY_HIGH   ) CosineAnnealingLrUpdaterHook       
(NORMAL      ) DistSamplerSeedHook                
(NORMAL      ) DistEvalHook                       
(LOW         ) IterTimerHook                      
(VERY_LOW    ) TextLoggerHook                     
 -------------------- 
before_train_iter:
(VERY_HIGH   ) CosineAnnealingLrUpdaterHook       
(NORMAL      ) DistEvalHook                       
(LOW         ) IterTimerHook                      
 -------------------- 
after_train_iter:
(ABOVE_NORMAL) OptimizerHook                      
(NORMAL      ) CheckpointHook                     
(NORMAL      ) DistEvalHook                       
(LOW         ) IterTimerHook                      
(VERY_LOW    ) TextLoggerHook                     
 -------------------- 
after_train_epoch:
(NORMAL      ) CheckpointHook                     
(NORMAL      ) DistEvalHook                       
(VERY_LOW    ) TextLoggerHook                     
 -------------------- 
before_val_epoch:
(NORMAL      ) DistSamplerSeedHook                
(LOW         ) IterTimerHook                      
(VERY_LOW    ) TextLoggerHook                     
 -------------------- 
before_val_iter:
(LOW         ) IterTimerHook                      
 -------------------- 
after_val_iter:
(LOW         ) IterTimerHook                      
 -------------------- 
after_val_epoch:
(VERY_LOW    ) TextLoggerHook                     
 -------------------- 
after_run:
(VERY_LOW    ) TextLoggerHook                     
 -------------------- 
2024-07-09 15:42:32,538 - pyskl - INFO - workflow: [('train', 1)], max: 24 epochs
2024-07-09 15:42:32,538 - pyskl - INFO - Checkpoints will be saved to /home/jsingh/projects/thesis/code/pyskl_thesis/work_dirs/posec3d/slowonly_r50_ntu60_xsub/limb by HardDiskBackend.
[W reducer.cpp:1289] Warning: find_unused_parameters=True was specified in DDP constructor, but did not find any unused parameters in the forward pass. This flag results in an extra traversal of the autograd graph every iteration,  which can adversely affect performance. If your model indeed never has any unused parameters in the forward pass, consider turning this flag off. Note that this warning may be a false positive if your model has flow control causing later iterations to have unused parameters. (function operator())
2024-07-09 15:43:28,021 - pyskl - INFO - Epoch [5][20/12529]	lr: 3.732e-01, eta: 8 days, 1:04:29, time: 2.774, data_time: 1.704, memory: 18981, top1_acc: 0.5250, top5_acc: 0.8875, loss_cls: 1.5443, loss: 1.5443, grad_norm: 1.0181
2024-07-09 15:44:01,329 - pyskl - INFO - Epoch [5][40/12529]	lr: 3.732e-01, eta: 6 days, 10:28:50, time: 1.665, data_time: 0.689, memory: 18981, top1_acc: 0.4953, top5_acc: 0.8766, loss_cls: 1.7110, loss: 1.7110, grad_norm: 1.0875
2024-07-09 15:44:33,609 - pyskl - INFO - Epoch [5][60/12529]	lr: 3.731e-01, eta: 5 days, 20:25:00, time: 1.614, data_time: 0.655, memory: 18981, top1_acc: 0.4641, top5_acc: 0.8859, loss_cls: 1.6797, loss: 1.6797, grad_norm: 0.9683
2024-07-09 15:45:06,221 - pyskl - INFO - Epoch [5][80/12529]	lr: 3.731e-01, eta: 5 days, 13:40:12, time: 1.631, data_time: 0.672, memory: 18981, top1_acc: 0.5594, top5_acc: 0.8969, loss_cls: 1.4997, loss: 1.4997, grad_norm: 0.9620
2024-07-09 15:45:39,277 - pyskl - INFO - Epoch [5][100/12529]	lr: 3.731e-01, eta: 5 days, 9:55:37, time: 1.653, data_time: 0.691, memory: 18981, top1_acc: 0.5328, top5_acc: 0.9062, loss_cls: 1.5325, loss: 1.5325, grad_norm: 1.0185
2024-07-09 15:46:12,641 - pyskl - INFO - Epoch [5][120/12529]	lr: 3.731e-01, eta: 5 days, 7:36:25, time: 1.668, data_time: 0.705, memory: 18981, top1_acc: 0.5219, top5_acc: 0.8875, loss_cls: 1.5434, loss: 1.5434, grad_norm: 1.0264
2024-07-09 15:46:45,591 - pyskl - INFO - Epoch [5][140/12529]	lr: 3.731e-01, eta: 5 days, 5:44:30, time: 1.647, data_time: 0.675, memory: 18981, top1_acc: 0.5266, top5_acc: 0.8781, loss_cls: 1.5855, loss: 1.5855, grad_norm: 1.0246
2024-07-09 15:47:17,098 - pyskl - INFO - Epoch [5][160/12529]	lr: 3.730e-01, eta: 5 days, 3:42:47, time: 1.575, data_time: 0.606, memory: 18981, top1_acc: 0.5281, top5_acc: 0.8859, loss_cls: 1.5082, loss: 1.5082, grad_norm: 0.9411
2024-07-09 15:47:50,542 - pyskl - INFO - Epoch [5][180/12529]	lr: 3.730e-01, eta: 5 days, 2:52:54, time: 1.672, data_time: 0.692, memory: 18981, top1_acc: 0.5406, top5_acc: 0.8875, loss_cls: 1.5296, loss: 1.5296, grad_norm: 1.0064
2024-07-09 15:48:23,997 - pyskl - INFO - Epoch [5][200/12529]	lr: 3.730e-01, eta: 5 days, 2:13:07, time: 1.673, data_time: 0.717, memory: 18981, top1_acc: 0.5281, top5_acc: 0.8891, loss_cls: 1.5850, loss: 1.5850, grad_norm: 1.0466
2024-07-09 15:48:56,256 - pyskl - INFO - Epoch [5][220/12529]	lr: 3.730e-01, eta: 5 days, 1:17:47, time: 1.613, data_time: 0.647, memory: 18981, top1_acc: 0.5047, top5_acc: 0.8703, loss_cls: 1.6663, loss: 1.6663, grad_norm: 1.0353
2024-07-09 15:49:28,685 - pyskl - INFO - Epoch [5][240/12529]	lr: 3.730e-01, eta: 5 days, 0:34:31, time: 1.621, data_time: 0.658, memory: 18981, top1_acc: 0.5375, top5_acc: 0.8844, loss_cls: 1.5268, loss: 1.5268, grad_norm: 0.9715
2024-07-09 15:49:59,653 - pyskl - INFO - Epoch [5][260/12529]	lr: 3.729e-01, eta: 4 days, 23:34:25, time: 1.548, data_time: 0.585, memory: 18981, top1_acc: 0.5219, top5_acc: 0.8703, loss_cls: 1.6183, loss: 1.6183, grad_norm: 0.9660
2024-07-09 15:50:32,809 - pyskl - INFO - Epoch [5][280/12529]	lr: 3.729e-01, eta: 4 days, 23:15:24, time: 1.658, data_time: 0.680, memory: 18981, top1_acc: 0.6047, top5_acc: 0.9094, loss_cls: 1.3293, loss: 1.3293, grad_norm: 0.9051
2024-07-09 15:51:06,291 - pyskl - INFO - Epoch [5][300/12529]	lr: 3.729e-01, eta: 4 days, 23:03:23, time: 1.674, data_time: 0.704, memory: 18981, top1_acc: 0.5266, top5_acc: 0.8750, loss_cls: 1.5735, loss: 1.5735, grad_norm: 0.9683
2024-07-09 15:51:39,045 - pyskl - INFO - Epoch [5][320/12529]	lr: 3.729e-01, eta: 4 days, 22:43:19, time: 1.638, data_time: 0.663, memory: 18981, top1_acc: 0.5094, top5_acc: 0.9078, loss_cls: 1.5084, loss: 1.5084, grad_norm: 1.0485
2024-07-09 15:52:10,825 - pyskl - INFO - Epoch [5][340/12529]	lr: 3.728e-01, eta: 4 days, 22:13:35, time: 1.589, data_time: 0.631, memory: 18981, top1_acc: 0.5641, top5_acc: 0.8828, loss_cls: 1.5406, loss: 1.5406, grad_norm: 0.9868
2024-07-09 15:52:43,637 - pyskl - INFO - Epoch [5][360/12529]	lr: 3.728e-01, eta: 4 days, 21:59:04, time: 1.641, data_time: 0.675, memory: 18981, top1_acc: 0.5250, top5_acc: 0.9094, loss_cls: 1.4483, loss: 1.4483, grad_norm: 0.9692
2024-07-09 15:53:17,948 - pyskl - INFO - Epoch [5][380/12529]	lr: 3.728e-01, eta: 4 days, 22:02:27, time: 1.716, data_time: 0.756, memory: 18981, top1_acc: 0.5578, top5_acc: 0.9141, loss_cls: 1.4565, loss: 1.4565, grad_norm: 1.0010
2024-07-09 15:53:50,541 - pyskl - INFO - Epoch [5][400/12529]	lr: 3.728e-01, eta: 4 days, 21:47:33, time: 1.630, data_time: 0.655, memory: 18981, top1_acc: 0.5219, top5_acc: 0.9031, loss_cls: 1.4648, loss: 1.4648, grad_norm: 0.9600
2024-07-09 15:54:23,105 - pyskl - INFO - Epoch [5][420/12529]	lr: 3.728e-01, eta: 4 days, 21:33:43, time: 1.628, data_time: 0.657, memory: 18981, top1_acc: 0.5234, top5_acc: 0.8828, loss_cls: 1.5616, loss: 1.5616, grad_norm: 0.9771
2024-07-09 15:54:55,890 - pyskl - INFO - Epoch [5][440/12529]	lr: 3.727e-01, eta: 4 days, 21:23:12, time: 1.639, data_time: 0.674, memory: 18981, top1_acc: 0.5750, top5_acc: 0.9016, loss_cls: 1.4175, loss: 1.4175, grad_norm: 0.9248
2024-07-09 15:55:26,132 - pyskl - INFO - Epoch [5][460/12529]	lr: 3.727e-01, eta: 4 days, 20:50:30, time: 1.512, data_time: 0.541, memory: 18981, top1_acc: 0.5391, top5_acc: 0.8797, loss_cls: 1.5441, loss: 1.5441, grad_norm: 1.0147
2024-07-09 15:55:58,347 - pyskl - INFO - Epoch [5][480/12529]	lr: 3.727e-01, eta: 4 days, 20:37:37, time: 1.611, data_time: 0.644, memory: 18981, top1_acc: 0.5281, top5_acc: 0.9000, loss_cls: 1.5401, loss: 1.5401, grad_norm: 0.9695
2024-07-09 15:56:28,721 - pyskl - INFO - Epoch [5][500/12529]	lr: 3.727e-01, eta: 4 days, 20:10:22, time: 1.519, data_time: 0.549, memory: 18981, top1_acc: 0.5234, top5_acc: 0.8891, loss_cls: 1.5726, loss: 1.5726, grad_norm: 1.0271
2024-07-09 15:57:00,617 - pyskl - INFO - Epoch [5][520/12529]	lr: 3.727e-01, eta: 4 days, 19:57:22, time: 1.595, data_time: 0.624, memory: 18981, top1_acc: 0.5156, top5_acc: 0.8906, loss_cls: 1.5233, loss: 1.5233, grad_norm: 0.9448
2024-07-09 15:57:29,841 - pyskl - INFO - Epoch [5][540/12529]	lr: 3.726e-01, eta: 4 days, 19:24:41, time: 1.461, data_time: 0.504, memory: 18981, top1_acc: 0.5625, top5_acc: 0.9000, loss_cls: 1.4734, loss: 1.4734, grad_norm: 0.9395
2024-07-09 15:57:59,870 - pyskl - INFO - Epoch [5][560/12529]	lr: 3.726e-01, eta: 4 days, 19:00:10, time: 1.501, data_time: 0.534, memory: 18981, top1_acc: 0.5359, top5_acc: 0.8938, loss_cls: 1.4315, loss: 1.4315, grad_norm: 0.9529
2024-07-09 15:58:30,948 - pyskl - INFO - Epoch [5][580/12529]	lr: 3.726e-01, eta: 4 days, 18:45:05, time: 1.555, data_time: 0.588, memory: 18981, top1_acc: 0.5516, top5_acc: 0.9313, loss_cls: 1.3914, loss: 1.3914, grad_norm: 0.9980
2024-07-09 15:59:04,436 - pyskl - INFO - Epoch [5][600/12529]	lr: 3.726e-01, eta: 4 days, 18:47:34, time: 1.674, data_time: 0.717, memory: 18981, top1_acc: 0.5469, top5_acc: 0.9000, loss_cls: 1.4820, loss: 1.4820, grad_norm: 0.9942
2024-07-09 15:59:34,345 - pyskl - INFO - Epoch [5][620/12529]	lr: 3.726e-01, eta: 4 days, 18:25:50, time: 1.495, data_time: 0.532, memory: 18981, top1_acc: 0.5703, top5_acc: 0.8953, loss_cls: 1.4480, loss: 1.4480, grad_norm: 1.0261
2024-07-09 16:00:05,153 - pyskl - INFO - Epoch [5][640/12529]	lr: 3.725e-01, eta: 4 days, 18:11:16, time: 1.540, data_time: 0.576, memory: 18981, top1_acc: 0.5500, top5_acc: 0.9078, loss_cls: 1.4937, loss: 1.4937, grad_norm: 1.0043
2024-07-09 16:00:36,900 - pyskl - INFO - Epoch [5][660/12529]	lr: 3.725e-01, eta: 4 days, 18:03:28, time: 1.587, data_time: 0.619, memory: 18981, top1_acc: 0.5641, top5_acc: 0.9375, loss_cls: 1.3477, loss: 1.3477, grad_norm: 1.0041
2024-07-09 16:01:09,303 - pyskl - INFO - Epoch [5][680/12529]	lr: 3.725e-01, eta: 4 days, 18:00:08, time: 1.620, data_time: 0.660, memory: 18981, top1_acc: 0.5172, top5_acc: 0.8984, loss_cls: 1.5455, loss: 1.5455, grad_norm: 1.1067
2024-07-09 16:01:36,639 - pyskl - INFO - Epoch [5][700/12529]	lr: 3.725e-01, eta: 4 days, 17:26:48, time: 1.367, data_time: 0.405, memory: 18981, top1_acc: 0.5656, top5_acc: 0.9062, loss_cls: 1.4893, loss: 1.4893, grad_norm: 1.0096
2024-07-09 16:02:09,111 - pyskl - INFO - Epoch [5][720/12529]	lr: 3.724e-01, eta: 4 days, 17:25:00, time: 1.624, data_time: 0.660, memory: 18981, top1_acc: 0.5312, top5_acc: 0.8766, loss_cls: 1.6362, loss: 1.6362, grad_norm: 1.0690
2024-07-09 16:02:42,729 - pyskl - INFO - Epoch [5][740/12529]	lr: 3.724e-01, eta: 4 days, 17:29:44, time: 1.681, data_time: 0.718, memory: 18981, top1_acc: 0.5547, top5_acc: 0.9047, loss_cls: 1.4654, loss: 1.4654, grad_norm: 0.9806
2024-07-09 16:03:13,208 - pyskl - INFO - Epoch [5][760/12529]	lr: 3.724e-01, eta: 4 days, 17:16:58, time: 1.524, data_time: 0.555, memory: 18981, top1_acc: 0.5172, top5_acc: 0.9078, loss_cls: 1.5423, loss: 1.5423, grad_norm: 1.0934
2024-07-09 16:03:44,813 - pyskl - INFO - Epoch [5][780/12529]	lr: 3.724e-01, eta: 4 days, 17:10:51, time: 1.580, data_time: 0.613, memory: 18981, top1_acc: 0.5234, top5_acc: 0.8984, loss_cls: 1.5046, loss: 1.5046, grad_norm: 0.9698
2024-07-09 16:04:16,456 - pyskl - INFO - Epoch [5][800/12529]	lr: 3.724e-01, eta: 4 days, 17:05:13, time: 1.582, data_time: 0.619, memory: 18981, top1_acc: 0.5844, top5_acc: 0.9125, loss_cls: 1.3716, loss: 1.3716, grad_norm: 0.9282
2024-07-09 16:04:47,105 - pyskl - INFO - Epoch [5][820/12529]	lr: 3.723e-01, eta: 4 days, 16:54:47, time: 1.532, data_time: 0.569, memory: 18981, top1_acc: 0.5734, top5_acc: 0.9047, loss_cls: 1.3761, loss: 1.3761, grad_norm: 0.9399
2024-07-09 16:05:19,669 - pyskl - INFO - Epoch [5][840/12529]	lr: 3.723e-01, eta: 4 days, 16:54:18, time: 1.628, data_time: 0.668, memory: 18981, top1_acc: 0.5391, top5_acc: 0.9078, loss_cls: 1.4739, loss: 1.4739, grad_norm: 1.1598
2024-07-09 16:05:50,513 - pyskl - INFO - Epoch [5][860/12529]	lr: 3.723e-01, eta: 4 days, 16:45:30, time: 1.542, data_time: 0.578, memory: 18981, top1_acc: 0.5172, top5_acc: 0.8891, loss_cls: 1.5870, loss: 1.5870, grad_norm: 1.1054
2024-07-09 16:06:20,960 - pyskl - INFO - Epoch [5][880/12529]	lr: 3.723e-01, eta: 4 days, 16:35:12, time: 1.522, data_time: 0.564, memory: 18981, top1_acc: 0.5531, top5_acc: 0.8750, loss_cls: 1.4881, loss: 1.4881, grad_norm: 0.9750
2024-07-09 16:06:49,993 - pyskl - INFO - Epoch [5][900/12529]	lr: 3.723e-01, eta: 4 days, 16:18:47, time: 1.452, data_time: 0.488, memory: 18981, top1_acc: 0.5391, top5_acc: 0.9094, loss_cls: 1.4522, loss: 1.4522, grad_norm: 0.9676
2024-07-09 16:07:21,421 - pyskl - INFO - Epoch [5][920/12529]	lr: 3.722e-01, eta: 4 days, 16:13:55, time: 1.571, data_time: 0.607, memory: 18981, top1_acc: 0.5188, top5_acc: 0.9156, loss_cls: 1.4746, loss: 1.4746, grad_norm: 1.0607
2024-07-09 16:07:57,473 - pyskl - INFO - Epoch [5][940/12529]	lr: 3.722e-01, eta: 4 days, 16:29:41, time: 1.803, data_time: 0.843, memory: 18981, top1_acc: 0.5281, top5_acc: 0.8953, loss_cls: 1.4521, loss: 1.4521, grad_norm: 1.0133
2024-07-09 16:08:30,184 - pyskl - INFO - Epoch [5][960/12529]	lr: 3.722e-01, eta: 4 days, 16:30:18, time: 1.636, data_time: 0.676, memory: 18981, top1_acc: 0.5203, top5_acc: 0.9016, loss_cls: 1.4729, loss: 1.4729, grad_norm: 1.0320
2024-07-09 16:09:04,845 - pyskl - INFO - Epoch [5][980/12529]	lr: 3.722e-01, eta: 4 days, 16:39:08, time: 1.733, data_time: 0.771, memory: 18981, top1_acc: 0.5516, top5_acc: 0.8891, loss_cls: 1.5392, loss: 1.5392, grad_norm: 0.9843
2024-07-09 16:09:38,655 - pyskl - INFO - Epoch [5][1000/12529]	lr: 3.722e-01, eta: 4 days, 16:44:03, time: 1.690, data_time: 0.725, memory: 18981, top1_acc: 0.5625, top5_acc: 0.9203, loss_cls: 1.3638, loss: 1.3638, grad_norm: 0.9104
2024-07-09 16:10:11,373 - pyskl - INFO - Epoch [5][1020/12529]	lr: 3.721e-01, eta: 4 days, 16:44:19, time: 1.636, data_time: 0.679, memory: 18981, top1_acc: 0.5141, top5_acc: 0.9047, loss_cls: 1.5941, loss: 1.5941, grad_norm: 1.0560
2024-07-09 16:10:44,231 - pyskl - INFO - Epoch [5][1040/12529]	lr: 3.721e-01, eta: 4 days, 16:45:06, time: 1.643, data_time: 0.684, memory: 18981, top1_acc: 0.5109, top5_acc: 0.9094, loss_cls: 1.5155, loss: 1.5155, grad_norm: 1.0224
2024-07-09 16:11:18,224 - pyskl - INFO - Epoch [5][1060/12529]	lr: 3.721e-01, eta: 4 days, 16:50:17, time: 1.700, data_time: 0.742, memory: 18981, top1_acc: 0.5547, top5_acc: 0.9016, loss_cls: 1.4852, loss: 1.4852, grad_norm: 0.9691
2024-07-09 16:11:52,274 - pyskl - INFO - Epoch [5][1080/12529]	lr: 3.721e-01, eta: 4 days, 16:55:29, time: 1.702, data_time: 0.737, memory: 18981, top1_acc: 0.4891, top5_acc: 0.9000, loss_cls: 1.6301, loss: 1.6301, grad_norm: 1.0918
2024-07-09 16:12:24,753 - pyskl - INFO - Epoch [5][1100/12529]	lr: 3.720e-01, eta: 4 days, 16:54:32, time: 1.624, data_time: 0.662, memory: 18981, top1_acc: 0.5406, top5_acc: 0.8875, loss_cls: 1.5205, loss: 1.5205, grad_norm: 0.9847
2024-07-09 16:13:00,121 - pyskl - INFO - Epoch [5][1120/12529]	lr: 3.720e-01, eta: 4 days, 17:04:19, time: 1.768, data_time: 0.799, memory: 18981, top1_acc: 0.5234, top5_acc: 0.8984, loss_cls: 1.5269, loss: 1.5269, grad_norm: 1.0190
2024-07-09 16:13:33,152 - pyskl - INFO - Epoch [5][1140/12529]	lr: 3.720e-01, eta: 4 days, 17:05:13, time: 1.652, data_time: 0.693, memory: 18981, top1_acc: 0.5453, top5_acc: 0.9031, loss_cls: 1.4704, loss: 1.4704, grad_norm: 0.9282
2024-07-09 16:14:05,846 - pyskl - INFO - Epoch [5][1160/12529]	lr: 3.720e-01, eta: 4 days, 17:04:51, time: 1.635, data_time: 0.666, memory: 18981, top1_acc: 0.5641, top5_acc: 0.9141, loss_cls: 1.4091, loss: 1.4091, grad_norm: 0.9651
2024-07-09 16:14:40,139 - pyskl - INFO - Epoch [5][1180/12529]	lr: 3.720e-01, eta: 4 days, 17:10:07, time: 1.715, data_time: 0.752, memory: 18981, top1_acc: 0.5547, top5_acc: 0.9109, loss_cls: 1.4078, loss: 1.4078, grad_norm: 1.0096
2024-07-09 16:15:14,068 - pyskl - INFO - Epoch [5][1200/12529]	lr: 3.719e-01, eta: 4 days, 17:13:56, time: 1.696, data_time: 0.733, memory: 18981, top1_acc: 0.5406, top5_acc: 0.8875, loss_cls: 1.4655, loss: 1.4655, grad_norm: 1.0168
2024-07-09 16:15:47,621 - pyskl - INFO - Epoch [5][1220/12529]	lr: 3.719e-01, eta: 4 days, 17:16:19, time: 1.678, data_time: 0.716, memory: 18981, top1_acc: 0.5375, top5_acc: 0.8781, loss_cls: 1.5562, loss: 1.5562, grad_norm: 1.0356
2024-07-09 16:16:21,647 - pyskl - INFO - Epoch [5][1240/12529]	lr: 3.719e-01, eta: 4 days, 17:20:12, time: 1.701, data_time: 0.737, memory: 18981, top1_acc: 0.5625, top5_acc: 0.8984, loss_cls: 1.4680, loss: 1.4680, grad_norm: 1.0019
2024-07-09 16:16:55,061 - pyskl - INFO - Epoch [5][1260/12529]	lr: 3.719e-01, eta: 4 days, 17:21:55, time: 1.671, data_time: 0.706, memory: 18981, top1_acc: 0.5719, top5_acc: 0.9266, loss_cls: 1.3954, loss: 1.3954, grad_norm: 1.0261
2024-07-09 16:17:30,675 - pyskl - INFO - Epoch [5][1280/12529]	lr: 3.719e-01, eta: 4 days, 17:30:42, time: 1.781, data_time: 0.821, memory: 18981, top1_acc: 0.5687, top5_acc: 0.9125, loss_cls: 1.4292, loss: 1.4292, grad_norm: 0.9940
2024-07-09 16:18:03,229 - pyskl - INFO - Epoch [5][1300/12529]	lr: 3.718e-01, eta: 4 days, 17:29:25, time: 1.628, data_time: 0.667, memory: 18981, top1_acc: 0.5141, top5_acc: 0.8859, loss_cls: 1.5546, loss: 1.5546, grad_norm: 1.0080
2024-07-09 16:18:38,368 - pyskl - INFO - Epoch [5][1320/12529]	lr: 3.718e-01, eta: 4 days, 17:36:18, time: 1.757, data_time: 0.798, memory: 18981, top1_acc: 0.5500, top5_acc: 0.8938, loss_cls: 1.5086, loss: 1.5086, grad_norm: 0.9487
2024-07-09 16:19:12,724 - pyskl - INFO - Epoch [5][1340/12529]	lr: 3.718e-01, eta: 4 days, 17:40:32, time: 1.718, data_time: 0.767, memory: 18981, top1_acc: 0.5687, top5_acc: 0.9109, loss_cls: 1.3937, loss: 1.3937, grad_norm: 0.9659
2024-07-09 16:19:45,525 - pyskl - INFO - Epoch [5][1360/12529]	lr: 3.718e-01, eta: 4 days, 17:39:52, time: 1.640, data_time: 0.678, memory: 18981, top1_acc: 0.5328, top5_acc: 0.8906, loss_cls: 1.5311, loss: 1.5311, grad_norm: 1.0071
2024-07-09 16:20:18,419 - pyskl - INFO - Epoch [5][1380/12529]	lr: 3.717e-01, eta: 4 days, 17:39:29, time: 1.645, data_time: 0.688, memory: 18981, top1_acc: 0.5406, top5_acc: 0.9141, loss_cls: 1.4532, loss: 1.4532, grad_norm: 1.0302
2024-07-09 16:20:53,429 - pyskl - INFO - Epoch [5][1400/12529]	lr: 3.717e-01, eta: 4 days, 17:45:23, time: 1.750, data_time: 0.776, memory: 18981, top1_acc: 0.5563, top5_acc: 0.9016, loss_cls: 1.4564, loss: 1.4564, grad_norm: 1.0294
2024-07-09 16:21:25,666 - pyskl - INFO - Epoch [5][1420/12529]	lr: 3.717e-01, eta: 4 days, 17:42:59, time: 1.612, data_time: 0.647, memory: 18981, top1_acc: 0.5500, top5_acc: 0.9125, loss_cls: 1.4468, loss: 1.4468, grad_norm: 0.9541
2024-07-09 16:21:59,674 - pyskl - INFO - Epoch [5][1440/12529]	lr: 3.717e-01, eta: 4 days, 17:45:45, time: 1.700, data_time: 0.746, memory: 18981, top1_acc: 0.5594, top5_acc: 0.9281, loss_cls: 1.3999, loss: 1.3999, grad_norm: 0.9995
2024-07-09 16:22:32,297 - pyskl - INFO - Epoch [5][1460/12529]	lr: 3.717e-01, eta: 4 days, 17:44:28, time: 1.631, data_time: 0.677, memory: 18981, top1_acc: 0.5391, top5_acc: 0.8984, loss_cls: 1.5340, loss: 1.5340, grad_norm: 1.0078
2024-07-09 16:23:05,426 - pyskl - INFO - Epoch [5][1480/12529]	lr: 3.716e-01, eta: 4 days, 17:44:38, time: 1.656, data_time: 0.694, memory: 18981, top1_acc: 0.5578, top5_acc: 0.8984, loss_cls: 1.5092, loss: 1.5092, grad_norm: 0.9902
2024-07-09 16:23:38,561 - pyskl - INFO - Epoch [5][1500/12529]	lr: 3.716e-01, eta: 4 days, 17:44:49, time: 1.657, data_time: 0.692, memory: 18981, top1_acc: 0.5453, top5_acc: 0.9016, loss_cls: 1.4695, loss: 1.4695, grad_norm: 0.9418
2024-07-09 16:24:11,737 - pyskl - INFO - Epoch [5][1520/12529]	lr: 3.716e-01, eta: 4 days, 17:45:04, time: 1.659, data_time: 0.686, memory: 18981, top1_acc: 0.5594, top5_acc: 0.9187, loss_cls: 1.3748, loss: 1.3748, grad_norm: 0.8956
2024-07-09 16:24:46,946 - pyskl - INFO - Epoch [5][1540/12529]	lr: 3.716e-01, eta: 4 days, 17:50:47, time: 1.760, data_time: 0.798, memory: 18981, top1_acc: 0.5578, top5_acc: 0.9109, loss_cls: 1.3894, loss: 1.3894, grad_norm: 1.0361
2024-07-09 16:25:20,701 - pyskl - INFO - Epoch [5][1560/12529]	lr: 3.716e-01, eta: 4 days, 17:52:28, time: 1.688, data_time: 0.726, memory: 18981, top1_acc: 0.5578, top5_acc: 0.9125, loss_cls: 1.4220, loss: 1.4220, grad_norm: 1.0331
2024-07-09 16:25:53,397 - pyskl - INFO - Epoch [5][1580/12529]	lr: 3.715e-01, eta: 4 days, 17:51:19, time: 1.635, data_time: 0.665, memory: 18981, top1_acc: 0.5344, top5_acc: 0.9016, loss_cls: 1.4943, loss: 1.4943, grad_norm: 1.0309
2024-07-09 16:26:27,099 - pyskl - INFO - Epoch [5][1600/12529]	lr: 3.715e-01, eta: 4 days, 17:52:48, time: 1.685, data_time: 0.722, memory: 18981, top1_acc: 0.5641, top5_acc: 0.9219, loss_cls: 1.3900, loss: 1.3900, grad_norm: 0.9971
2024-07-09 16:27:01,381 - pyskl - INFO - Epoch [5][1620/12529]	lr: 3.715e-01, eta: 4 days, 17:55:42, time: 1.714, data_time: 0.757, memory: 18981, top1_acc: 0.5625, top5_acc: 0.8969, loss_cls: 1.5360, loss: 1.5360, grad_norm: 1.0133
2024-07-09 16:27:34,250 - pyskl - INFO - Epoch [5][1640/12529]	lr: 3.715e-01, eta: 4 days, 17:54:57, time: 1.643, data_time: 0.683, memory: 18981, top1_acc: 0.5484, top5_acc: 0.8922, loss_cls: 1.4288, loss: 1.4288, grad_norm: 0.9352
2024-07-09 16:28:08,351 - pyskl - INFO - Epoch [5][1660/12529]	lr: 3.714e-01, eta: 4 days, 17:57:17, time: 1.705, data_time: 0.736, memory: 18981, top1_acc: 0.4938, top5_acc: 0.8844, loss_cls: 1.5502, loss: 1.5502, grad_norm: 1.0858
2024-07-09 16:28:38,268 - pyskl - INFO - Epoch [5][1680/12529]	lr: 3.714e-01, eta: 4 days, 17:49:13, time: 1.496, data_time: 0.511, memory: 18981, top1_acc: 0.5422, top5_acc: 0.9031, loss_cls: 1.4828, loss: 1.4828, grad_norm: 0.9958
2024-07-09 16:29:12,797 - pyskl - INFO - Epoch [5][1700/12529]	lr: 3.714e-01, eta: 4 days, 17:52:35, time: 1.726, data_time: 0.762, memory: 18981, top1_acc: 0.5516, top5_acc: 0.8844, loss_cls: 1.5642, loss: 1.5642, grad_norm: 0.9963
2024-07-09 16:29:45,503 - pyskl - INFO - Epoch [5][1720/12529]	lr: 3.714e-01, eta: 4 days, 17:51:28, time: 1.635, data_time: 0.674, memory: 18981, top1_acc: 0.5453, top5_acc: 0.9047, loss_cls: 1.5048, loss: 1.5048, grad_norm: 0.9789
2024-07-09 16:30:20,765 - pyskl - INFO - Epoch [5][1740/12529]	lr: 3.714e-01, eta: 4 days, 17:56:27, time: 1.763, data_time: 0.801, memory: 18981, top1_acc: 0.5406, top5_acc: 0.9219, loss_cls: 1.4494, loss: 1.4494, grad_norm: 0.9471
2024-07-09 16:30:53,738 - pyskl - INFO - Epoch [5][1760/12529]	lr: 3.713e-01, eta: 4 days, 17:55:54, time: 1.649, data_time: 0.690, memory: 18981, top1_acc: 0.5625, top5_acc: 0.8891, loss_cls: 1.4916, loss: 1.4916, grad_norm: 1.0249
2024-07-09 16:31:26,461 - pyskl - INFO - Epoch [5][1780/12529]	lr: 3.713e-01, eta: 4 days, 17:54:47, time: 1.636, data_time: 0.677, memory: 18981, top1_acc: 0.5297, top5_acc: 0.8688, loss_cls: 1.5957, loss: 1.5957, grad_norm: 0.9845
2024-07-09 16:31:59,341 - pyskl - INFO - Epoch [5][1800/12529]	lr: 3.713e-01, eta: 4 days, 17:54:02, time: 1.644, data_time: 0.679, memory: 18981, top1_acc: 0.5641, top5_acc: 0.9109, loss_cls: 1.4465, loss: 1.4465, grad_norm: 1.0234
2024-07-09 16:32:30,957 - pyskl - INFO - Epoch [5][1820/12529]	lr: 3.713e-01, eta: 4 days, 17:50:25, time: 1.581, data_time: 0.618, memory: 18981, top1_acc: 0.5625, top5_acc: 0.8797, loss_cls: 1.5641, loss: 1.5641, grad_norm: 1.0056
2024-07-09 16:33:05,342 - pyskl - INFO - Epoch [5][1840/12529]	lr: 3.713e-01, eta: 4 days, 17:53:06, time: 1.719, data_time: 0.756, memory: 18981, top1_acc: 0.5359, top5_acc: 0.8953, loss_cls: 1.4645, loss: 1.4645, grad_norm: 0.9967
2024-07-09 16:33:39,757 - pyskl - INFO - Epoch [5][1860/12529]	lr: 3.712e-01, eta: 4 days, 17:55:47, time: 1.721, data_time: 0.755, memory: 18981, top1_acc: 0.5453, top5_acc: 0.9109, loss_cls: 1.4491, loss: 1.4491, grad_norm: 1.0291
2024-07-09 16:34:12,149 - pyskl - INFO - Epoch [5][1880/12529]	lr: 3.712e-01, eta: 4 days, 17:53:56, time: 1.620, data_time: 0.657, memory: 18981, top1_acc: 0.5766, top5_acc: 0.8906, loss_cls: 1.4473, loss: 1.4473, grad_norm: 1.0230
2024-07-09 16:34:43,994 - pyskl - INFO - Epoch [5][1900/12529]	lr: 3.712e-01, eta: 4 days, 17:50:55, time: 1.592, data_time: 0.629, memory: 18981, top1_acc: 0.5734, top5_acc: 0.9094, loss_cls: 1.4316, loss: 1.4316, grad_norm: 0.9771
2024-07-09 16:35:18,113 - pyskl - INFO - Epoch [5][1920/12529]	lr: 3.712e-01, eta: 4 days, 17:52:52, time: 1.706, data_time: 0.740, memory: 18981, top1_acc: 0.5359, top5_acc: 0.8969, loss_cls: 1.4977, loss: 1.4977, grad_norm: 1.0087
2024-07-09 16:35:53,336 - pyskl - INFO - Epoch [5][1940/12529]	lr: 3.711e-01, eta: 4 days, 17:57:07, time: 1.761, data_time: 0.790, memory: 18981, top1_acc: 0.5406, top5_acc: 0.8906, loss_cls: 1.5165, loss: 1.5165, grad_norm: 1.0304
2024-07-09 16:36:27,489 - pyskl - INFO - Epoch [5][1960/12529]	lr: 3.711e-01, eta: 4 days, 17:59:01, time: 1.708, data_time: 0.744, memory: 18981, top1_acc: 0.5641, top5_acc: 0.9109, loss_cls: 1.4050, loss: 1.4050, grad_norm: 0.9469
2024-07-09 16:37:01,228 - pyskl - INFO - Epoch [5][1980/12529]	lr: 3.711e-01, eta: 4 days, 17:59:59, time: 1.687, data_time: 0.721, memory: 18981, top1_acc: 0.5297, top5_acc: 0.9078, loss_cls: 1.4689, loss: 1.4689, grad_norm: 1.0074
2024-07-09 16:37:34,836 - pyskl - INFO - Epoch [5][2000/12529]	lr: 3.711e-01, eta: 4 days, 18:00:40, time: 1.680, data_time: 0.711, memory: 18981, top1_acc: 0.5641, top5_acc: 0.9141, loss_cls: 1.4241, loss: 1.4241, grad_norm: 0.9871
2024-07-09 16:38:07,559 - pyskl - INFO - Epoch [5][2020/12529]	lr: 3.711e-01, eta: 4 days, 17:59:30, time: 1.636, data_time: 0.674, memory: 18981, top1_acc: 0.5328, top5_acc: 0.9078, loss_cls: 1.4956, loss: 1.4956, grad_norm: 0.9937
2024-07-09 16:38:42,950 - pyskl - INFO - Epoch [5][2040/12529]	lr: 3.710e-01, eta: 4 days, 18:03:46, time: 1.770, data_time: 0.802, memory: 18981, top1_acc: 0.5109, top5_acc: 0.8766, loss_cls: 1.6700, loss: 1.6700, grad_norm: 1.0503
2024-07-09 16:39:15,662 - pyskl - INFO - Epoch [5][2060/12529]	lr: 3.710e-01, eta: 4 days, 18:02:33, time: 1.636, data_time: 0.660, memory: 18981, top1_acc: 0.5516, top5_acc: 0.9141, loss_cls: 1.4527, loss: 1.4527, grad_norm: 0.9409
2024-07-09 16:39:48,489 - pyskl - INFO - Epoch [5][2080/12529]	lr: 3.710e-01, eta: 4 days, 18:01:34, time: 1.641, data_time: 0.669, memory: 18981, top1_acc: 0.5375, top5_acc: 0.8906, loss_cls: 1.5488, loss: 1.5488, grad_norm: 1.1089
2024-07-09 16:40:20,949 - pyskl - INFO - Epoch [5][2100/12529]	lr: 3.710e-01, eta: 4 days, 17:59:53, time: 1.623, data_time: 0.659, memory: 18981, top1_acc: 0.5016, top5_acc: 0.9156, loss_cls: 1.5749, loss: 1.5749, grad_norm: 1.1192
2024-07-09 16:40:54,853 - pyskl - INFO - Epoch [5][2120/12529]	lr: 3.709e-01, eta: 4 days, 18:01:02, time: 1.695, data_time: 0.726, memory: 18981, top1_acc: 0.5344, top5_acc: 0.9062, loss_cls: 1.4910, loss: 1.4910, grad_norm: 1.0357
2024-07-09 16:41:28,005 - pyskl - INFO - Epoch [5][2140/12529]	lr: 3.709e-01, eta: 4 days, 18:00:42, time: 1.658, data_time: 0.688, memory: 18981, top1_acc: 0.5219, top5_acc: 0.9031, loss_cls: 1.4659, loss: 1.4659, grad_norm: 0.9618
2024-07-09 16:42:03,202 - pyskl - INFO - Epoch [5][2160/12529]	lr: 3.709e-01, eta: 4 days, 18:04:17, time: 1.760, data_time: 0.795, memory: 18981, top1_acc: 0.5266, top5_acc: 0.9062, loss_cls: 1.5034, loss: 1.5034, grad_norm: 1.0611
2024-07-09 16:42:36,957 - pyskl - INFO - Epoch [5][2180/12529]	lr: 3.709e-01, eta: 4 days, 18:05:03, time: 1.688, data_time: 0.723, memory: 18981, top1_acc: 0.5125, top5_acc: 0.8906, loss_cls: 1.5589, loss: 1.5589, grad_norm: 1.0378
2024-07-09 16:43:10,173 - pyskl - INFO - Epoch [5][2200/12529]	lr: 3.709e-01, eta: 4 days, 18:04:46, time: 1.661, data_time: 0.694, memory: 18981, top1_acc: 0.4719, top5_acc: 0.8656, loss_cls: 1.7056, loss: 1.7056, grad_norm: 1.0068
2024-07-09 16:43:40,509 - pyskl - INFO - Epoch [5][2220/12529]	lr: 3.708e-01, eta: 4 days, 17:59:07, time: 1.517, data_time: 0.546, memory: 18981, top1_acc: 0.5359, top5_acc: 0.8812, loss_cls: 1.5276, loss: 1.5276, grad_norm: 0.9632
2024-07-09 16:44:13,065 - pyskl - INFO - Epoch [5][2240/12529]	lr: 3.708e-01, eta: 4 days, 17:57:40, time: 1.628, data_time: 0.667, memory: 18981, top1_acc: 0.4828, top5_acc: 0.8812, loss_cls: 1.5638, loss: 1.5638, grad_norm: 1.0380
2024-07-09 16:44:47,485 - pyskl - INFO - Epoch [5][2260/12529]	lr: 3.708e-01, eta: 4 days, 17:59:39, time: 1.721, data_time: 0.755, memory: 18981, top1_acc: 0.4891, top5_acc: 0.8875, loss_cls: 1.6326, loss: 1.6326, grad_norm: 0.9729
2024-07-09 16:45:22,311 - pyskl - INFO - Epoch [5][2280/12529]	lr: 3.708e-01, eta: 4 days, 18:02:19, time: 1.741, data_time: 0.776, memory: 18981, top1_acc: 0.5500, top5_acc: 0.9062, loss_cls: 1.4944, loss: 1.4944, grad_norm: 0.9668
2024-07-09 16:45:55,401 - pyskl - INFO - Epoch [5][2300/12529]	lr: 3.708e-01, eta: 4 days, 18:01:48, time: 1.655, data_time: 0.685, memory: 18981, top1_acc: 0.5219, top5_acc: 0.9031, loss_cls: 1.4907, loss: 1.4907, grad_norm: 0.9728
2024-07-09 16:46:28,493 - pyskl - INFO - Epoch [5][2320/12529]	lr: 3.707e-01, eta: 4 days, 18:01:18, time: 1.655, data_time: 0.684, memory: 18981, top1_acc: 0.5594, top5_acc: 0.9203, loss_cls: 1.3841, loss: 1.3841, grad_norm: 0.8885
2024-07-09 16:47:01,353 - pyskl - INFO - Epoch [5][2340/12529]	lr: 3.707e-01, eta: 4 days, 18:00:22, time: 1.643, data_time: 0.677, memory: 18981, top1_acc: 0.5594, top5_acc: 0.8938, loss_cls: 1.3990, loss: 1.3990, grad_norm: 0.9142
2024-07-09 16:47:34,997 - pyskl - INFO - Epoch [5][2360/12529]	lr: 3.707e-01, eta: 4 days, 18:00:50, time: 1.682, data_time: 0.701, memory: 18981, top1_acc: 0.5609, top5_acc: 0.9125, loss_cls: 1.3916, loss: 1.3916, grad_norm: 0.9245
2024-07-09 16:48:08,847 - pyskl - INFO - Epoch [5][2380/12529]	lr: 3.707e-01, eta: 4 days, 18:01:38, time: 1.693, data_time: 0.732, memory: 18981, top1_acc: 0.5344, top5_acc: 0.9062, loss_cls: 1.5063, loss: 1.5063, grad_norm: 1.0065
2024-07-09 16:48:39,545 - pyskl - INFO - Epoch [5][2400/12529]	lr: 3.706e-01, eta: 4 days, 17:56:59, time: 1.535, data_time: 0.563, memory: 18981, top1_acc: 0.5609, top5_acc: 0.9094, loss_cls: 1.4175, loss: 1.4175, grad_norm: 0.9363
2024-07-09 16:49:14,894 - pyskl - INFO - Epoch [5][2420/12529]	lr: 3.706e-01, eta: 4 days, 18:00:21, time: 1.767, data_time: 0.800, memory: 18981, top1_acc: 0.5203, top5_acc: 0.8625, loss_cls: 1.5697, loss: 1.5697, grad_norm: 1.0460
2024-07-09 16:49:47,133 - pyskl - INFO - Epoch [5][2440/12529]	lr: 3.706e-01, eta: 4 days, 17:58:22, time: 1.612, data_time: 0.646, memory: 18981, top1_acc: 0.5391, top5_acc: 0.8797, loss_cls: 1.5748, loss: 1.5748, grad_norm: 1.0423
2024-07-09 16:50:20,610 - pyskl - INFO - Epoch [5][2460/12529]	lr: 3.706e-01, eta: 4 days, 17:58:30, time: 1.674, data_time: 0.702, memory: 18981, top1_acc: 0.5156, top5_acc: 0.8719, loss_cls: 1.6276, loss: 1.6276, grad_norm: 0.9655
2024-07-09 16:50:54,738 - pyskl - INFO - Epoch [5][2480/12529]	lr: 3.706e-01, eta: 4 days, 17:59:43, time: 1.706, data_time: 0.749, memory: 18981, top1_acc: 0.5484, top5_acc: 0.9016, loss_cls: 1.4583, loss: 1.4583, grad_norm: 0.9592
2024-07-09 16:51:25,893 - pyskl - INFO - Epoch [5][2500/12529]	lr: 3.705e-01, eta: 4 days, 17:55:58, time: 1.558, data_time: 0.589, memory: 18981, top1_acc: 0.5266, top5_acc: 0.9062, loss_cls: 1.4169, loss: 1.4169, grad_norm: 1.0623
2024-07-09 16:51:57,670 - pyskl - INFO - Epoch [5][2520/12529]	lr: 3.705e-01, eta: 4 days, 17:53:18, time: 1.589, data_time: 0.626, memory: 18981, top1_acc: 0.5125, top5_acc: 0.8688, loss_cls: 1.6700, loss: 1.6700, grad_norm: 1.0304
2024-07-09 16:52:32,746 - pyskl - INFO - Epoch [5][2540/12529]	lr: 3.705e-01, eta: 4 days, 17:56:02, time: 1.754, data_time: 0.793, memory: 18981, top1_acc: 0.5547, top5_acc: 0.9125, loss_cls: 1.4034, loss: 1.4034, grad_norm: 0.8962
2024-07-09 16:53:06,841 - pyskl - INFO - Epoch [5][2560/12529]	lr: 3.705e-01, eta: 4 days, 17:57:08, time: 1.705, data_time: 0.743, memory: 18981, top1_acc: 0.5750, top5_acc: 0.9172, loss_cls: 1.3216, loss: 1.3216, grad_norm: 0.9441
2024-07-09 16:53:41,197 - pyskl - INFO - Epoch [5][2580/12529]	lr: 3.704e-01, eta: 4 days, 17:58:38, time: 1.718, data_time: 0.750, memory: 18981, top1_acc: 0.5563, top5_acc: 0.9156, loss_cls: 1.4263, loss: 1.4263, grad_norm: 1.0873
2024-07-09 16:54:10,491 - pyskl - INFO - Epoch [5][2600/12529]	lr: 3.704e-01, eta: 4 days, 17:52:03, time: 1.465, data_time: 0.506, memory: 18981, top1_acc: 0.5234, top5_acc: 0.9203, loss_cls: 1.4995, loss: 1.4995, grad_norm: 1.0451
2024-07-09 16:54:43,279 - pyskl - INFO - Epoch [5][2620/12529]	lr: 3.704e-01, eta: 4 days, 17:51:04, time: 1.639, data_time: 0.678, memory: 18981, top1_acc: 0.5500, top5_acc: 0.8969, loss_cls: 1.4581, loss: 1.4581, grad_norm: 1.0012
2024-07-09 16:55:17,321 - pyskl - INFO - Epoch [5][2640/12529]	lr: 3.704e-01, eta: 4 days, 17:52:03, time: 1.702, data_time: 0.736, memory: 18981, top1_acc: 0.5469, top5_acc: 0.8984, loss_cls: 1.5139, loss: 1.5139, grad_norm: 1.0538
2024-07-09 16:55:51,072 - pyskl - INFO - Epoch [5][2660/12529]	lr: 3.704e-01, eta: 4 days, 17:52:34, time: 1.688, data_time: 0.727, memory: 18981, top1_acc: 0.5500, top5_acc: 0.9109, loss_cls: 1.4465, loss: 1.4465, grad_norm: 0.9942
2024-07-09 16:56:25,157 - pyskl - INFO - Epoch [5][2680/12529]	lr: 3.703e-01, eta: 4 days, 17:53:35, time: 1.704, data_time: 0.748, memory: 18981, top1_acc: 0.5078, top5_acc: 0.8953, loss_cls: 1.5696, loss: 1.5696, grad_norm: 1.0777
2024-07-09 16:56:57,358 - pyskl - INFO - Epoch [5][2700/12529]	lr: 3.703e-01, eta: 4 days, 17:51:39, time: 1.609, data_time: 0.652, memory: 18981, top1_acc: 0.5312, top5_acc: 0.8938, loss_cls: 1.5058, loss: 1.5058, grad_norm: 1.0282
2024-07-09 16:57:30,928 - pyskl - INFO - Epoch [5][2720/12529]	lr: 3.703e-01, eta: 4 days, 17:51:53, time: 1.679, data_time: 0.718, memory: 18981, top1_acc: 0.5203, top5_acc: 0.8781, loss_cls: 1.5857, loss: 1.5857, grad_norm: 1.0159
2024-07-09 16:58:03,963 - pyskl - INFO - Epoch [5][2740/12529]	lr: 3.703e-01, eta: 4 days, 17:51:16, time: 1.652, data_time: 0.686, memory: 18981, top1_acc: 0.5516, top5_acc: 0.8922, loss_cls: 1.4078, loss: 1.4078, grad_norm: 0.9695
2024-07-09 16:58:37,522 - pyskl - INFO - Epoch [5][2760/12529]	lr: 3.703e-01, eta: 4 days, 17:51:25, time: 1.677, data_time: 0.715, memory: 18981, top1_acc: 0.5500, top5_acc: 0.9125, loss_cls: 1.4132, loss: 1.4132, grad_norm: 0.9851
2024-07-09 16:59:08,334 - pyskl - INFO - Epoch [5][2780/12529]	lr: 3.702e-01, eta: 4 days, 17:47:31, time: 1.542, data_time: 0.572, memory: 18981, top1_acc: 0.5281, top5_acc: 0.8984, loss_cls: 1.4931, loss: 1.4931, grad_norm: 1.0075
2024-07-09 16:59:39,925 - pyskl - INFO - Epoch [5][2800/12529]	lr: 3.702e-01, eta: 4 days, 17:44:48, time: 1.580, data_time: 0.618, memory: 18981, top1_acc: 0.5094, top5_acc: 0.8812, loss_cls: 1.5993, loss: 1.5993, grad_norm: 0.9758
2024-07-09 17:00:11,985 - pyskl - INFO - Epoch [5][2820/12529]	lr: 3.702e-01, eta: 4 days, 17:42:48, time: 1.603, data_time: 0.642, memory: 18981, top1_acc: 0.5797, top5_acc: 0.9250, loss_cls: 1.3732, loss: 1.3732, grad_norm: 0.9522
2024-07-09 17:00:46,486 - pyskl - INFO - Epoch [5][2840/12529]	lr: 3.702e-01, eta: 4 days, 17:44:20, time: 1.724, data_time: 0.760, memory: 18981, top1_acc: 0.5547, top5_acc: 0.9047, loss_cls: 1.4849, loss: 1.4849, grad_norm: 1.0840
2024-07-09 17:01:19,055 - pyskl - INFO - Epoch [5][2860/12529]	lr: 3.701e-01, eta: 4 days, 17:43:06, time: 1.629, data_time: 0.665, memory: 18981, top1_acc: 0.5297, top5_acc: 0.8859, loss_cls: 1.5270, loss: 1.5270, grad_norm: 1.1284
2024-07-09 17:01:50,230 - pyskl - INFO - Epoch [5][2880/12529]	lr: 3.701e-01, eta: 4 days, 17:39:52, time: 1.559, data_time: 0.591, memory: 18981, top1_acc: 0.4594, top5_acc: 0.8734, loss_cls: 1.6944, loss: 1.6944, grad_norm: 1.0843
2024-07-09 17:02:22,675 - pyskl - INFO - Epoch [5][2900/12529]	lr: 3.701e-01, eta: 4 days, 17:38:28, time: 1.622, data_time: 0.654, memory: 18981, top1_acc: 0.5328, top5_acc: 0.8953, loss_cls: 1.5330, loss: 1.5330, grad_norm: 1.0177
2024-07-09 17:02:57,761 - pyskl - INFO - Epoch [5][2920/12529]	lr: 3.701e-01, eta: 4 days, 17:40:49, time: 1.754, data_time: 0.789, memory: 18981, top1_acc: 0.5437, top5_acc: 0.9062, loss_cls: 1.5176, loss: 1.5176, grad_norm: 0.9758
2024-07-09 17:03:29,364 - pyskl - INFO - Epoch [5][2940/12529]	lr: 3.701e-01, eta: 4 days, 17:38:14, time: 1.580, data_time: 0.608, memory: 18981, top1_acc: 0.5484, top5_acc: 0.9031, loss_cls: 1.5349, loss: 1.5349, grad_norm: 1.0269
2024-07-09 17:04:03,150 - pyskl - INFO - Epoch [5][2960/12529]	lr: 3.700e-01, eta: 4 days, 17:38:43, time: 1.689, data_time: 0.722, memory: 18981, top1_acc: 0.5375, top5_acc: 0.8969, loss_cls: 1.4995, loss: 1.4995, grad_norm: 1.0009
2024-07-09 17:04:37,504 - pyskl - INFO - Epoch [5][2980/12529]	lr: 3.700e-01, eta: 4 days, 17:39:59, time: 1.718, data_time: 0.742, memory: 18981, top1_acc: 0.5156, top5_acc: 0.9000, loss_cls: 1.6266, loss: 1.6266, grad_norm: 1.1565
2024-07-09 17:05:08,077 - pyskl - INFO - Epoch [5][3000/12529]	lr: 3.700e-01, eta: 4 days, 17:36:01, time: 1.529, data_time: 0.560, memory: 18981, top1_acc: 0.4969, top5_acc: 0.8922, loss_cls: 1.6151, loss: 1.6151, grad_norm: 1.1325
2024-07-09 17:05:39,758 - pyskl - INFO - Epoch [5][3020/12529]	lr: 3.700e-01, eta: 4 days, 17:33:37, time: 1.584, data_time: 0.624, memory: 18981, top1_acc: 0.5359, top5_acc: 0.8875, loss_cls: 1.5591, loss: 1.5591, grad_norm: 0.9849
2024-07-09 17:06:13,917 - pyskl - INFO - Epoch [5][3040/12529]	lr: 3.699e-01, eta: 4 days, 17:34:36, time: 1.708, data_time: 0.744, memory: 18981, top1_acc: 0.5172, top5_acc: 0.8875, loss_cls: 1.6163, loss: 1.6163, grad_norm: 1.0437
2024-07-09 17:06:46,698 - pyskl - INFO - Epoch [5][3060/12529]	lr: 3.699e-01, eta: 4 days, 17:33:43, time: 1.639, data_time: 0.676, memory: 18981, top1_acc: 0.5641, top5_acc: 0.9172, loss_cls: 1.3900, loss: 1.3900, grad_norm: 0.9528
2024-07-09 17:07:20,513 - pyskl - INFO - Epoch [5][3080/12529]	lr: 3.699e-01, eta: 4 days, 17:34:12, time: 1.691, data_time: 0.728, memory: 18981, top1_acc: 0.5531, top5_acc: 0.8859, loss_cls: 1.4967, loss: 1.4967, grad_norm: 0.9831
2024-07-09 17:07:53,076 - pyskl - INFO - Epoch [5][3100/12529]	lr: 3.699e-01, eta: 4 days, 17:33:01, time: 1.628, data_time: 0.655, memory: 18981, top1_acc: 0.5250, top5_acc: 0.8875, loss_cls: 1.5336, loss: 1.5336, grad_norm: 1.0353
2024-07-09 17:08:24,641 - pyskl - INFO - Epoch [5][3120/12529]	lr: 3.699e-01, eta: 4 days, 17:30:32, time: 1.578, data_time: 0.612, memory: 18981, top1_acc: 0.5078, top5_acc: 0.8938, loss_cls: 1.5930, loss: 1.5930, grad_norm: 1.0518
2024-07-09 17:08:59,345 - pyskl - INFO - Epoch [5][3140/12529]	lr: 3.698e-01, eta: 4 days, 17:32:11, time: 1.735, data_time: 0.772, memory: 18981, top1_acc: 0.5609, top5_acc: 0.9187, loss_cls: 1.4115, loss: 1.4115, grad_norm: 0.9310
2024-07-09 17:09:30,254 - pyskl - INFO - Epoch [5][3160/12529]	lr: 3.698e-01, eta: 4 days, 17:28:51, time: 1.545, data_time: 0.581, memory: 18981, top1_acc: 0.5172, top5_acc: 0.8875, loss_cls: 1.5531, loss: 1.5531, grad_norm: 1.0678
2024-07-09 17:10:03,783 - pyskl - INFO - Epoch [5][3180/12529]	lr: 3.698e-01, eta: 4 days, 17:28:58, time: 1.676, data_time: 0.705, memory: 18981, top1_acc: 0.5297, top5_acc: 0.8938, loss_cls: 1.5870, loss: 1.5870, grad_norm: 1.0204
2024-07-09 17:10:37,384 - pyskl - INFO - Epoch [5][3200/12529]	lr: 3.698e-01, eta: 4 days, 17:29:09, time: 1.680, data_time: 0.711, memory: 18981, top1_acc: 0.5437, top5_acc: 0.9016, loss_cls: 1.5284, loss: 1.5284, grad_norm: 0.9314
2024-07-09 17:11:11,134 - pyskl - INFO - Epoch [5][3220/12529]	lr: 3.697e-01, eta: 4 days, 17:29:31, time: 1.687, data_time: 0.716, memory: 18981, top1_acc: 0.5437, top5_acc: 0.8891, loss_cls: 1.5169, loss: 1.5169, grad_norm: 0.9393
2024-07-09 17:11:44,119 - pyskl - INFO - Epoch [5][3240/12529]	lr: 3.697e-01, eta: 4 days, 17:28:54, time: 1.649, data_time: 0.683, memory: 18981, top1_acc: 0.5734, top5_acc: 0.9250, loss_cls: 1.3740, loss: 1.3740, grad_norm: 0.9233
2024-07-09 17:12:16,697 - pyskl - INFO - Epoch [5][3260/12529]	lr: 3.697e-01, eta: 4 days, 17:27:47, time: 1.629, data_time: 0.672, memory: 18981, top1_acc: 0.5594, top5_acc: 0.9156, loss_cls: 1.4150, loss: 1.4150, grad_norm: 0.9824
2024-07-09 17:12:48,792 - pyskl - INFO - Epoch [5][3280/12529]	lr: 3.697e-01, eta: 4 days, 17:26:03, time: 1.605, data_time: 0.642, memory: 18981, top1_acc: 0.5563, top5_acc: 0.8953, loss_cls: 1.4263, loss: 1.4263, grad_norm: 0.9389
2024-07-09 17:13:20,374 - pyskl - INFO - Epoch [5][3300/12529]	lr: 3.697e-01, eta: 4 days, 17:23:42, time: 1.579, data_time: 0.618, memory: 18981, top1_acc: 0.5203, top5_acc: 0.8969, loss_cls: 1.5198, loss: 1.5198, grad_norm: 0.9916
2024-07-09 17:13:54,961 - pyskl - INFO - Epoch [5][3320/12529]	lr: 3.696e-01, eta: 4 days, 17:25:06, time: 1.729, data_time: 0.765, memory: 18981, top1_acc: 0.5484, top5_acc: 0.9187, loss_cls: 1.3859, loss: 1.3859, grad_norm: 0.9536
2024-07-09 17:14:29,317 - pyskl - INFO - Epoch [5][3340/12529]	lr: 3.696e-01, eta: 4 days, 17:26:11, time: 1.718, data_time: 0.751, memory: 18981, top1_acc: 0.5484, top5_acc: 0.9172, loss_cls: 1.4373, loss: 1.4373, grad_norm: 1.0126
2024-07-09 17:15:02,293 - pyskl - INFO - Epoch [5][3360/12529]	lr: 3.696e-01, eta: 4 days, 17:25:34, time: 1.649, data_time: 0.676, memory: 18981, top1_acc: 0.5062, top5_acc: 0.8844, loss_cls: 1.6212, loss: 1.6212, grad_norm: 1.0656
2024-07-09 17:15:34,447 - pyskl - INFO - Epoch [5][3380/12529]	lr: 3.696e-01, eta: 4 days, 17:23:56, time: 1.608, data_time: 0.642, memory: 18981, top1_acc: 0.5437, top5_acc: 0.9125, loss_cls: 1.4914, loss: 1.4914, grad_norm: 1.0477
2024-07-09 17:16:06,878 - pyskl - INFO - Epoch [5][3400/12529]	lr: 3.695e-01, eta: 4 days, 17:22:40, time: 1.622, data_time: 0.657, memory: 18981, top1_acc: 0.5312, top5_acc: 0.9141, loss_cls: 1.4555, loss: 1.4555, grad_norm: 1.0271
2024-07-09 17:16:40,889 - pyskl - INFO - Epoch [5][3420/12529]	lr: 3.695e-01, eta: 4 days, 17:23:18, time: 1.701, data_time: 0.743, memory: 18981, top1_acc: 0.5656, top5_acc: 0.8906, loss_cls: 1.4918, loss: 1.4918, grad_norm: 0.9440
2024-07-09 17:17:13,425 - pyskl - INFO - Epoch [5][3440/12529]	lr: 3.695e-01, eta: 4 days, 17:22:09, time: 1.627, data_time: 0.665, memory: 18981, top1_acc: 0.5453, top5_acc: 0.8984, loss_cls: 1.4498, loss: 1.4498, grad_norm: 0.9519
2024-07-09 17:17:46,280 - pyskl - INFO - Epoch [5][3460/12529]	lr: 3.695e-01, eta: 4 days, 17:21:24, time: 1.643, data_time: 0.677, memory: 18981, top1_acc: 0.5109, top5_acc: 0.8734, loss_cls: 1.5869, loss: 1.5869, grad_norm: 1.1031
2024-07-09 17:18:17,953 - pyskl - INFO - Epoch [5][3480/12529]	lr: 3.695e-01, eta: 4 days, 17:19:15, time: 1.584, data_time: 0.621, memory: 18981, top1_acc: 0.5437, top5_acc: 0.9094, loss_cls: 1.4584, loss: 1.4584, grad_norm: 0.9827
2024-07-09 17:18:49,619 - pyskl - INFO - Epoch [5][3500/12529]	lr: 3.694e-01, eta: 4 days, 17:17:06, time: 1.583, data_time: 0.626, memory: 18981, top1_acc: 0.5781, top5_acc: 0.9125, loss_cls: 1.3977, loss: 1.3977, grad_norm: 0.9507
2024-07-09 17:19:22,378 - pyskl - INFO - Epoch [5][3520/12529]	lr: 3.694e-01, eta: 4 days, 17:16:15, time: 1.638, data_time: 0.667, memory: 18981, top1_acc: 0.5531, top5_acc: 0.9187, loss_cls: 1.4628, loss: 1.4628, grad_norm: 0.9851
2024-07-09 17:19:54,613 - pyskl - INFO - Epoch [5][3540/12529]	lr: 3.694e-01, eta: 4 days, 17:14:48, time: 1.612, data_time: 0.645, memory: 18981, top1_acc: 0.5797, top5_acc: 0.8953, loss_cls: 1.4198, loss: 1.4198, grad_norm: 0.9629
2024-07-09 17:20:29,106 - pyskl - INFO - Epoch [5][3560/12529]	lr: 3.694e-01, eta: 4 days, 17:15:58, time: 1.725, data_time: 0.758, memory: 18981, top1_acc: 0.5094, top5_acc: 0.8891, loss_cls: 1.5709, loss: 1.5709, grad_norm: 1.1027
2024-07-09 17:21:01,269 - pyskl - INFO - Epoch [5][3580/12529]	lr: 3.693e-01, eta: 4 days, 17:14:27, time: 1.608, data_time: 0.644, memory: 18981, top1_acc: 0.4844, top5_acc: 0.8938, loss_cls: 1.5717, loss: 1.5717, grad_norm: 1.0052
2024-07-09 17:21:35,570 - pyskl - INFO - Epoch [5][3600/12529]	lr: 3.693e-01, eta: 4 days, 17:15:22, time: 1.715, data_time: 0.752, memory: 18981, top1_acc: 0.4938, top5_acc: 0.8828, loss_cls: 1.6085, loss: 1.6085, grad_norm: 0.9862
2024-07-09 17:22:09,477 - pyskl - INFO - Epoch [5][3620/12529]	lr: 3.693e-01, eta: 4 days, 17:15:50, time: 1.695, data_time: 0.738, memory: 18981, top1_acc: 0.5203, top5_acc: 0.9000, loss_cls: 1.5252, loss: 1.5252, grad_norm: 0.9822
2024-07-09 17:22:41,961 - pyskl - INFO - Epoch [5][3640/12529]	lr: 3.693e-01, eta: 4 days, 17:14:41, time: 1.624, data_time: 0.653, memory: 18981, top1_acc: 0.5375, top5_acc: 0.8891, loss_cls: 1.5800, loss: 1.5800, grad_norm: 1.0221
2024-07-09 17:23:14,877 - pyskl - INFO - Epoch [5][3660/12529]	lr: 3.693e-01, eta: 4 days, 17:14:01, time: 1.646, data_time: 0.684, memory: 18981, top1_acc: 0.5062, top5_acc: 0.8734, loss_cls: 1.6104, loss: 1.6104, grad_norm: 1.0550
2024-07-09 17:23:45,109 - pyskl - INFO - Epoch [5][3680/12529]	lr: 3.692e-01, eta: 4 days, 17:10:21, time: 1.512, data_time: 0.553, memory: 18981, top1_acc: 0.4922, top5_acc: 0.8703, loss_cls: 1.6141, loss: 1.6141, grad_norm: 0.9517
2024-07-09 17:24:19,646 - pyskl - INFO - Epoch [5][3700/12529]	lr: 3.692e-01, eta: 4 days, 17:11:30, time: 1.727, data_time: 0.755, memory: 18981, top1_acc: 0.5734, top5_acc: 0.9094, loss_cls: 1.4360, loss: 1.4360, grad_norm: 0.9061
2024-07-09 17:24:52,365 - pyskl - INFO - Epoch [5][3720/12529]	lr: 3.692e-01, eta: 4 days, 17:10:38, time: 1.636, data_time: 0.676, memory: 18981, top1_acc: 0.5328, top5_acc: 0.8938, loss_cls: 1.4901, loss: 1.4901, grad_norm: 0.9359
2024-07-09 17:25:24,503 - pyskl - INFO - Epoch [5][3740/12529]	lr: 3.692e-01, eta: 4 days, 17:09:07, time: 1.607, data_time: 0.647, memory: 18981, top1_acc: 0.5484, top5_acc: 0.9187, loss_cls: 1.4198, loss: 1.4198, grad_norm: 0.9891
2024-07-09 17:25:57,282 - pyskl - INFO - Epoch [5][3760/12529]	lr: 3.691e-01, eta: 4 days, 17:08:19, time: 1.639, data_time: 0.676, memory: 18981, top1_acc: 0.5234, top5_acc: 0.8938, loss_cls: 1.4995, loss: 1.4995, grad_norm: 1.0268
2024-07-09 17:26:30,733 - pyskl - INFO - Epoch [5][3780/12529]	lr: 3.691e-01, eta: 4 days, 17:08:15, time: 1.673, data_time: 0.708, memory: 18981, top1_acc: 0.5531, top5_acc: 0.9062, loss_cls: 1.4537, loss: 1.4537, grad_norm: 1.0157
2024-07-09 17:27:01,850 - pyskl - INFO - Epoch [5][3800/12529]	lr: 3.691e-01, eta: 4 days, 17:05:40, time: 1.556, data_time: 0.595, memory: 18981, top1_acc: 0.5344, top5_acc: 0.9000, loss_cls: 1.5040, loss: 1.5040, grad_norm: 0.9847
2024-07-09 17:27:33,849 - pyskl - INFO - Epoch [5][3820/12529]	lr: 3.691e-01, eta: 4 days, 17:04:02, time: 1.600, data_time: 0.631, memory: 18981, top1_acc: 0.5516, top5_acc: 0.8812, loss_cls: 1.5219, loss: 1.5219, grad_norm: 0.9926
2024-07-09 17:28:05,971 - pyskl - INFO - Epoch [5][3840/12529]	lr: 3.691e-01, eta: 4 days, 17:02:33, time: 1.606, data_time: 0.647, memory: 18981, top1_acc: 0.5234, top5_acc: 0.8922, loss_cls: 1.5329, loss: 1.5329, grad_norm: 1.0335
2024-07-09 17:28:37,889 - pyskl - INFO - Epoch [5][3860/12529]	lr: 3.690e-01, eta: 4 days, 17:00:52, time: 1.596, data_time: 0.633, memory: 18981, top1_acc: 0.5391, top5_acc: 0.9016, loss_cls: 1.4694, loss: 1.4694, grad_norm: 0.9850
2024-07-09 17:29:10,321 - pyskl - INFO - Epoch [5][3880/12529]	lr: 3.690e-01, eta: 4 days, 16:59:44, time: 1.622, data_time: 0.650, memory: 18981, top1_acc: 0.5234, top5_acc: 0.9078, loss_cls: 1.5104, loss: 1.5104, grad_norm: 0.9664
2024-07-09 17:29:45,566 - pyskl - INFO - Epoch [5][3900/12529]	lr: 3.690e-01, eta: 4 days, 17:01:35, time: 1.762, data_time: 0.791, memory: 18981, top1_acc: 0.5281, top5_acc: 0.9031, loss_cls: 1.5027, loss: 1.5027, grad_norm: 1.0134
2024-07-09 17:30:17,898 - pyskl - INFO - Epoch [5][3920/12529]	lr: 3.690e-01, eta: 4 days, 17:00:20, time: 1.617, data_time: 0.654, memory: 18981, top1_acc: 0.5391, top5_acc: 0.9062, loss_cls: 1.4656, loss: 1.4656, grad_norm: 0.9954
2024-07-09 17:30:49,661 - pyskl - INFO - Epoch [5][3940/12529]	lr: 3.689e-01, eta: 4 days, 16:58:31, time: 1.588, data_time: 0.623, memory: 18981, top1_acc: 0.5437, top5_acc: 0.9016, loss_cls: 1.4515, loss: 1.4515, grad_norm: 1.0135
2024-07-09 17:31:22,709 - pyskl - INFO - Epoch [5][3960/12529]	lr: 3.689e-01, eta: 4 days, 16:58:02, time: 1.652, data_time: 0.685, memory: 18981, top1_acc: 0.5437, top5_acc: 0.8984, loss_cls: 1.4667, loss: 1.4667, grad_norm: 0.9845
2024-07-09 17:31:55,502 - pyskl - INFO - Epoch [5][3980/12529]	lr: 3.689e-01, eta: 4 days, 16:57:17, time: 1.640, data_time: 0.665, memory: 18981, top1_acc: 0.5359, top5_acc: 0.8984, loss_cls: 1.5180, loss: 1.5180, grad_norm: 0.9469
2024-07-09 17:32:27,941 - pyskl - INFO - Epoch [5][4000/12529]	lr: 3.689e-01, eta: 4 days, 16:56:11, time: 1.622, data_time: 0.659, memory: 18981, top1_acc: 0.5891, top5_acc: 0.9156, loss_cls: 1.3931, loss: 1.3931, grad_norm: 0.9171
2024-07-09 17:33:00,897 - pyskl - INFO - Epoch [5][4020/12529]	lr: 3.689e-01, eta: 4 days, 16:55:37, time: 1.648, data_time: 0.669, memory: 18981, top1_acc: 0.5188, top5_acc: 0.9094, loss_cls: 1.5178, loss: 1.5178, grad_norm: 1.0224
2024-07-09 17:33:34,620 - pyskl - INFO - Epoch [5][4040/12529]	lr: 3.688e-01, eta: 4 days, 16:55:49, time: 1.686, data_time: 0.722, memory: 18981, top1_acc: 0.5406, top5_acc: 0.9016, loss_cls: 1.5738, loss: 1.5738, grad_norm: 1.0610
2024-07-09 17:34:07,158 - pyskl - INFO - Epoch [5][4060/12529]	lr: 3.688e-01, eta: 4 days, 16:54:49, time: 1.627, data_time: 0.665, memory: 18981, top1_acc: 0.5516, top5_acc: 0.9031, loss_cls: 1.4800, loss: 1.4800, grad_norm: 0.9499
2024-07-09 17:34:39,725 - pyskl - INFO - Epoch [5][4080/12529]	lr: 3.688e-01, eta: 4 days, 16:53:52, time: 1.628, data_time: 0.670, memory: 18981, top1_acc: 0.5484, top5_acc: 0.9172, loss_cls: 1.4268, loss: 1.4268, grad_norm: 0.9012
2024-07-09 17:35:12,028 - pyskl - INFO - Epoch [5][4100/12529]	lr: 3.688e-01, eta: 4 days, 16:52:38, time: 1.615, data_time: 0.653, memory: 18981, top1_acc: 0.5609, top5_acc: 0.9031, loss_cls: 1.4469, loss: 1.4469, grad_norm: 0.9102
2024-07-09 17:35:46,121 - pyskl - INFO - Epoch [5][4120/12529]	lr: 3.687e-01, eta: 4 days, 16:53:12, time: 1.705, data_time: 0.742, memory: 18981, top1_acc: 0.5312, top5_acc: 0.8891, loss_cls: 1.4949, loss: 1.4949, grad_norm: 0.9946
2024-07-09 17:36:18,520 - pyskl - INFO - Epoch [5][4140/12529]	lr: 3.687e-01, eta: 4 days, 16:52:05, time: 1.620, data_time: 0.651, memory: 18981, top1_acc: 0.5266, top5_acc: 0.9141, loss_cls: 1.4958, loss: 1.4958, grad_norm: 0.9882
2024-07-09 17:36:52,313 - pyskl - INFO - Epoch [5][4160/12529]	lr: 3.687e-01, eta: 4 days, 16:52:20, time: 1.690, data_time: 0.723, memory: 18981, top1_acc: 0.5406, top5_acc: 0.9062, loss_cls: 1.4402, loss: 1.4402, grad_norm: 1.0205
2024-07-09 17:37:26,047 - pyskl - INFO - Epoch [5][4180/12529]	lr: 3.687e-01, eta: 4 days, 16:52:32, time: 1.687, data_time: 0.712, memory: 18981, top1_acc: 0.5031, top5_acc: 0.8844, loss_cls: 1.5644, loss: 1.5644, grad_norm: 1.0033
2024-07-09 17:37:58,797 - pyskl - INFO - Epoch [5][4200/12529]	lr: 3.687e-01, eta: 4 days, 16:51:45, time: 1.638, data_time: 0.677, memory: 18981, top1_acc: 0.5344, top5_acc: 0.8984, loss_cls: 1.4441, loss: 1.4441, grad_norm: 0.9807
2024-07-09 17:38:30,352 - pyskl - INFO - Epoch [5][4220/12529]	lr: 3.686e-01, eta: 4 days, 16:49:49, time: 1.578, data_time: 0.615, memory: 18981, top1_acc: 0.4859, top5_acc: 0.8859, loss_cls: 1.5625, loss: 1.5625, grad_norm: 1.0362
2024-07-09 17:39:03,539 - pyskl - INFO - Epoch [5][4240/12529]	lr: 3.686e-01, eta: 4 days, 16:49:28, time: 1.659, data_time: 0.699, memory: 18981, top1_acc: 0.5188, top5_acc: 0.8703, loss_cls: 1.5633, loss: 1.5633, grad_norm: 0.9984
2024-07-09 17:39:35,741 - pyskl - INFO - Epoch [5][4260/12529]	lr: 3.686e-01, eta: 4 days, 16:48:10, time: 1.610, data_time: 0.643, memory: 18981, top1_acc: 0.5453, top5_acc: 0.9156, loss_cls: 1.4357, loss: 1.4357, grad_norm: 0.9701
2024-07-09 17:40:08,565 - pyskl - INFO - Epoch [5][4280/12529]	lr: 3.686e-01, eta: 4 days, 16:47:29, time: 1.641, data_time: 0.673, memory: 18981, top1_acc: 0.5469, top5_acc: 0.9156, loss_cls: 1.4659, loss: 1.4659, grad_norm: 1.0291
2024-07-09 17:40:40,452 - pyskl - INFO - Epoch [5][4300/12529]	lr: 3.685e-01, eta: 4 days, 16:45:54, time: 1.594, data_time: 0.621, memory: 18981, top1_acc: 0.5672, top5_acc: 0.9234, loss_cls: 1.3653, loss: 1.3653, grad_norm: 0.9071
2024-07-09 17:41:11,529 - pyskl - INFO - Epoch [5][4320/12529]	lr: 3.685e-01, eta: 4 days, 16:43:33, time: 1.554, data_time: 0.588, memory: 18981, top1_acc: 0.5437, top5_acc: 0.8875, loss_cls: 1.4980, loss: 1.4980, grad_norm: 1.0688
2024-07-09 17:41:44,981 - pyskl - INFO - Epoch [5][4340/12529]	lr: 3.685e-01, eta: 4 days, 16:43:28, time: 1.673, data_time: 0.690, memory: 18981, top1_acc: 0.5203, top5_acc: 0.8812, loss_cls: 1.5377, loss: 1.5377, grad_norm: 1.0771
2024-07-09 17:42:17,577 - pyskl - INFO - Epoch [5][4360/12529]	lr: 3.685e-01, eta: 4 days, 16:42:34, time: 1.630, data_time: 0.659, memory: 18981, top1_acc: 0.5234, top5_acc: 0.8875, loss_cls: 1.5538, loss: 1.5538, grad_norm: 1.0739
2024-07-09 17:42:51,774 - pyskl - INFO - Epoch [5][4380/12529]	lr: 3.685e-01, eta: 4 days, 16:43:11, time: 1.710, data_time: 0.744, memory: 18981, top1_acc: 0.5594, top5_acc: 0.8984, loss_cls: 1.5157, loss: 1.5157, grad_norm: 1.0744
2024-07-09 17:43:26,406 - pyskl - INFO - Epoch [5][4400/12529]	lr: 3.684e-01, eta: 4 days, 16:44:11, time: 1.732, data_time: 0.765, memory: 18981, top1_acc: 0.5188, top5_acc: 0.8781, loss_cls: 1.6246, loss: 1.6246, grad_norm: 1.1094
2024-07-09 17:43:59,657 - pyskl - INFO - Epoch [5][4420/12529]	lr: 3.684e-01, eta: 4 days, 16:43:54, time: 1.663, data_time: 0.695, memory: 18981, top1_acc: 0.5203, top5_acc: 0.8625, loss_cls: 1.6206, loss: 1.6206, grad_norm: 1.0521
2024-07-09 17:44:29,276 - pyskl - INFO - Epoch [5][4440/12529]	lr: 3.684e-01, eta: 4 days, 16:40:15, time: 1.481, data_time: 0.518, memory: 18981, top1_acc: 0.5141, top5_acc: 0.9172, loss_cls: 1.4671, loss: 1.4671, grad_norm: 0.9187
2024-07-09 17:45:02,214 - pyskl - INFO - Epoch [5][4460/12529]	lr: 3.684e-01, eta: 4 days, 16:39:41, time: 1.647, data_time: 0.686, memory: 18981, top1_acc: 0.5422, top5_acc: 0.8828, loss_cls: 1.5673, loss: 1.5673, grad_norm: 0.9838
2024-07-09 17:45:35,465 - pyskl - INFO - Epoch [5][4480/12529]	lr: 3.683e-01, eta: 4 days, 16:39:24, time: 1.663, data_time: 0.692, memory: 18981, top1_acc: 0.4375, top5_acc: 0.8578, loss_cls: 1.7963, loss: 1.7963, grad_norm: 1.0988
2024-07-09 17:46:10,157 - pyskl - INFO - Epoch [5][4500/12529]	lr: 3.683e-01, eta: 4 days, 16:40:26, time: 1.735, data_time: 0.765, memory: 18981, top1_acc: 0.4938, top5_acc: 0.8812, loss_cls: 1.6355, loss: 1.6355, grad_norm: 0.9733
2024-07-09 17:46:43,049 - pyskl - INFO - Epoch [5][4520/12529]	lr: 3.683e-01, eta: 4 days, 16:39:49, time: 1.645, data_time: 0.684, memory: 18981, top1_acc: 0.5672, top5_acc: 0.9109, loss_cls: 1.4513, loss: 1.4513, grad_norm: 0.8990
2024-07-09 17:47:16,874 - pyskl - INFO - Epoch [5][4540/12529]	lr: 3.683e-01, eta: 4 days, 16:40:02, time: 1.691, data_time: 0.727, memory: 18981, top1_acc: 0.5531, top5_acc: 0.8984, loss_cls: 1.4737, loss: 1.4737, grad_norm: 0.9928
2024-07-09 17:47:50,881 - pyskl - INFO - Epoch [5][4560/12529]	lr: 3.682e-01, eta: 4 days, 16:40:25, time: 1.700, data_time: 0.738, memory: 18981, top1_acc: 0.5203, top5_acc: 0.8922, loss_cls: 1.5797, loss: 1.5797, grad_norm: 1.0585
srun: Job step aborted: Waiting up to 32 seconds for job step to finish.
slurmstepd: error: *** STEP 1120578.0 ON kusel CANCELLED AT 2024-07-09T17:47:52 ***
slurmstepd: error: *** JOB 1120578 ON kusel CANCELLED AT 2024-07-09T17:47:52 ***
