Job 1120858: Running on node(s) kusel
Job 1120858: Started at 2024-07-09 17:01:12+0200
Monitor this job here: http://monitoring.pegasus.kl.dfki.de/d/slurm-job-details/job-details?var-jobid=1120858&from=1720537272000
srun: jobinfo: version v1.0.0
Job 1120858: Running on node(s) kusel
Job 1120858: Started at 2024-07-09 17:01:12+0200
Monitor this job here: http://monitoring.pegasus.kl.dfki.de/d/slurm-job-details/job-details?var-jobid=1120858&from=1720537272000
Job 1120858: creating container for /netscratch/jsingh/pyskl7.sqsh
Job 1120858: creating container for /netscratch/jsingh/pyskl7.sqsh took 48.3 seconds
2024-07-09 17:02:06,235 - pyskl - INFO - Environment info:
------------------------------------------------------------
sys.platform: linux
Python: 3.7.11 (default, Jul 27 2021, 14:32:16) [GCC 7.5.0]
CUDA available: True
GPU 0,1,2,3: Quadro RTX 6000
CUDA_HOME: /usr/local/cuda
NVCC: Cuda compilation tools, release 11.1, V11.1.105
GCC: gcc (Ubuntu 9.3.0-17ubuntu1~20.04) 9.3.0
PyTorch: 1.11.0
PyTorch compiling details: PyTorch built with:
  - GCC 7.3
  - C++ Version: 201402
  - Intel(R) oneAPI Math Kernel Library Version 2021.4-Product Build 20210904 for Intel(R) 64 architecture applications
  - Intel(R) MKL-DNN v2.5.2 (Git Hash a9302535553c73243c632ad3c4c80beec3d19a1e)
  - OpenMP 201511 (a.k.a. OpenMP 4.5)
  - LAPACK is enabled (usually provided by MKL)
  - NNPACK is enabled
  - CPU capability usage: AVX2
  - CUDA Runtime 11.3
  - NVCC architecture flags: -gencode;arch=compute_37,code=sm_37;-gencode;arch=compute_50,code=sm_50;-gencode;arch=compute_60,code=sm_60;-gencode;arch=compute_61,code=sm_61;-gencode;arch=compute_70,code=sm_70;-gencode;arch=compute_75,code=sm_75;-gencode;arch=compute_80,code=sm_80;-gencode;arch=compute_86,code=sm_86;-gencode;arch=compute_37,code=compute_37
  - CuDNN 8.2
  - Magma 2.5.2
  - Build settings: BLAS_INFO=mkl, BUILD_TYPE=Release, CUDA_VERSION=11.3, CUDNN_VERSION=8.2.0, CXX_COMPILER=/opt/rh/devtoolset-7/root/usr/bin/c++, CXX_FLAGS= -Wno-deprecated -fvisibility-inlines-hidden -DUSE_PTHREADPOOL -fopenmp -DNDEBUG -DUSE_KINETO -DUSE_FBGEMM -DUSE_QNNPACK -DUSE_PYTORCH_QNNPACK -DUSE_XNNPACK -DSYMBOLICATE_MOBILE_DEBUG_HANDLE -DEDGE_PROFILER_USE_KINETO -O2 -fPIC -Wno-narrowing -Wall -Wextra -Werror=return-type -Wno-missing-field-initializers -Wno-type-limits -Wno-array-bounds -Wno-unknown-pragmas -Wno-sign-compare -Wno-unused-parameter -Wno-unused-function -Wno-unused-result -Wno-unused-local-typedefs -Wno-strict-overflow -Wno-strict-aliasing -Wno-error=deprecated-declarations -Wno-stringop-overflow -Wno-psabi -Wno-error=pedantic -Wno-error=redundant-decls -Wno-error=old-style-cast -fdiagnostics-color=always -faligned-new -Wno-unused-but-set-variable -Wno-maybe-uninitialized -fno-math-errno -fno-trapping-math -Werror=format -Wno-stringop-overflow, LAPACK_INFO=mkl, PERF_WITH_AVX=1, PERF_WITH_AVX2=1, PERF_WITH_AVX512=1, TORCH_VERSION=1.11.0, USE_CUDA=ON, USE_CUDNN=ON, USE_EXCEPTION_PTR=1, USE_GFLAGS=OFF, USE_GLOG=OFF, USE_MKL=ON, USE_MKLDNN=OFF, USE_MPI=OFF, USE_NCCL=ON, USE_NNPACK=ON, USE_OPENMP=ON, USE_ROCM=OFF, 

TorchVision: 0.12.0
OpenCV: 4.10.0
MMCV: 1.5.0
MMCV Compiler: GCC 7.3
MMCV CUDA Compiler: 11.3
pyskl: 0.1.0+99609cf
------------------------------------------------------------

2024-07-09 17:02:08,904 - pyskl - INFO - Config: model = dict(
    type='Recognizer3D',
    backbone=dict(
        type='ResNet3dSlowOnly',
        in_channels=17,
        base_channels=32,
        num_stages=3,
        out_indices=(2, ),
        stage_blocks=(4, 6, 3),
        conv1_stride=(1, 1),
        pool1_stride=(1, 1),
        inflate=(0, 1, 1),
        spatial_strides=(2, 2, 2),
        temporal_strides=(1, 1, 2)),
    cls_head=dict(type='I3DHead', in_channels=512, num_classes=6, dropout=0.5),
    test_cfg=dict(average_clips='prob'))
dataset_type = 'PoseDataset'
ann_file = '/netscratch/jsingh/thesis/datasets/AUTHUAVGestureDatasetVideos_fps-15/uavgesture_annos_hrnet.pkl'
left_kp = [1, 3, 5, 7, 9, 11, 13, 15]
right_kp = [2, 4, 6, 8, 10, 12, 14, 16]
skeletons = [[0, 5], [0, 6], [5, 7], [7, 9], [6, 8], [8, 10], [5, 11],
             [11, 13], [13, 15], [6, 12], [12, 14], [14, 16], [0, 1], [0, 2],
             [1, 3], [2, 4], [11, 12]]
left_limb = [0, 2, 3, 6, 7, 8, 12, 14]
right_limb = [1, 4, 5, 9, 10, 11, 13, 15]
train_pipeline = [
    dict(type='UniformSampleFrames', clip_len=48),
    dict(type='PoseDecode'),
    dict(type='PoseCompact', hw_ratio=1.0, allow_imgpad=True),
    dict(type='Resize', scale=(-1, 64)),
    dict(type='RandomResizedCrop', area_range=(0.56, 1.0)),
    dict(type='Resize', scale=(56, 56), keep_ratio=False),
    dict(
        type='Flip',
        flip_ratio=0.5,
        left_kp=[1, 3, 5, 7, 9, 11, 13, 15],
        right_kp=[2, 4, 6, 8, 10, 12, 14, 16]),
    dict(
        type='GeneratePoseTarget',
        with_kp=False,
        with_limb=True,
        skeletons=[[0, 5], [0, 6], [5, 7], [7, 9], [6, 8], [8, 10], [5, 11],
                   [11, 13], [13, 15], [6, 12], [12, 14], [14, 16], [0, 1],
                   [0, 2], [1, 3], [2, 4], [11, 12]]),
    dict(type='FormatShape', input_format='NCTHW_Heatmap'),
    dict(type='Collect', keys=['imgs', 'label'], meta_keys=[]),
    dict(type='ToTensor', keys=['imgs', 'label'])
]
val_pipeline = [
    dict(type='UniformSampleFrames', clip_len=48, num_clips=1),
    dict(type='PoseDecode'),
    dict(type='PoseCompact', hw_ratio=1.0, allow_imgpad=True),
    dict(type='Resize', scale=(64, 64), keep_ratio=False),
    dict(
        type='GeneratePoseTarget',
        with_kp=False,
        with_limb=True,
        skeletons=[[0, 5], [0, 6], [5, 7], [7, 9], [6, 8], [8, 10], [5, 11],
                   [11, 13], [13, 15], [6, 12], [12, 14], [14, 16], [0, 1],
                   [0, 2], [1, 3], [2, 4], [11, 12]]),
    dict(type='FormatShape', input_format='NCTHW_Heatmap'),
    dict(type='Collect', keys=['imgs', 'label'], meta_keys=[]),
    dict(type='ToTensor', keys=['imgs'])
]
test_pipeline = [
    dict(type='UniformSampleFrames', clip_len=48, num_clips=10),
    dict(type='PoseDecode'),
    dict(type='PoseCompact', hw_ratio=1.0, allow_imgpad=True),
    dict(type='Resize', scale=(64, 64), keep_ratio=False),
    dict(
        type='GeneratePoseTarget',
        with_kp=False,
        with_limb=True,
        skeletons=[[0, 5], [0, 6], [5, 7], [7, 9], [6, 8], [8, 10], [5, 11],
                   [11, 13], [13, 15], [6, 12], [12, 14], [14, 16], [0, 1],
                   [0, 2], [1, 3], [2, 4], [11, 12]],
        double=True,
        left_kp=[1, 3, 5, 7, 9, 11, 13, 15],
        right_kp=[2, 4, 6, 8, 10, 12, 14, 16],
        left_limb=[0, 2, 3, 6, 7, 8, 12, 14],
        right_limb=[1, 4, 5, 9, 10, 11, 13, 15]),
    dict(type='FormatShape', input_format='NCTHW_Heatmap'),
    dict(type='Collect', keys=['imgs', 'label'], meta_keys=[]),
    dict(type='ToTensor', keys=['imgs'])
]
data = dict(
    videos_per_gpu=32,
    workers_per_gpu=4,
    test_dataloader=dict(videos_per_gpu=1),
    train=dict(
        type='RepeatDataset',
        times=10,
        dataset=dict(
            type='PoseDataset',
            ann_file=
            '/netscratch/jsingh/thesis/datasets/AUTHUAVGestureDatasetVideos_fps-15/uavgesture_annos_hrnet.pkl',
            split='train',
            pipeline=[
                dict(type='UniformSampleFrames', clip_len=48),
                dict(type='PoseDecode'),
                dict(type='PoseCompact', hw_ratio=1.0, allow_imgpad=True),
                dict(type='Resize', scale=(-1, 64)),
                dict(type='RandomResizedCrop', area_range=(0.56, 1.0)),
                dict(type='Resize', scale=(56, 56), keep_ratio=False),
                dict(
                    type='Flip',
                    flip_ratio=0.5,
                    left_kp=[1, 3, 5, 7, 9, 11, 13, 15],
                    right_kp=[2, 4, 6, 8, 10, 12, 14, 16]),
                dict(
                    type='GeneratePoseTarget',
                    with_kp=False,
                    with_limb=True,
                    skeletons=[[0, 5], [0, 6], [5, 7], [7, 9], [6, 8], [8, 10],
                               [5, 11], [11, 13], [13, 15], [6, 12], [12, 14],
                               [14, 16], [0, 1], [0, 2], [1, 3], [2, 4],
                               [11, 12]]),
                dict(type='FormatShape', input_format='NCTHW_Heatmap'),
                dict(type='Collect', keys=['imgs', 'label'], meta_keys=[]),
                dict(type='ToTensor', keys=['imgs', 'label'])
            ])),
    val=dict(
        type='PoseDataset',
        ann_file=
        '/netscratch/jsingh/thesis/datasets/AUTHUAVGestureDatasetVideos_fps-15/uavgesture_annos_hrnet.pkl',
        split='test',
        pipeline=[
            dict(type='UniformSampleFrames', clip_len=48, num_clips=1),
            dict(type='PoseDecode'),
            dict(type='PoseCompact', hw_ratio=1.0, allow_imgpad=True),
            dict(type='Resize', scale=(64, 64), keep_ratio=False),
            dict(
                type='GeneratePoseTarget',
                with_kp=False,
                with_limb=True,
                skeletons=[[0, 5], [0, 6], [5, 7], [7, 9], [6, 8], [8, 10],
                           [5, 11], [11, 13], [13, 15], [6, 12], [12, 14],
                           [14, 16], [0, 1], [0, 2], [1, 3], [2, 4], [11,
                                                                      12]]),
            dict(type='FormatShape', input_format='NCTHW_Heatmap'),
            dict(type='Collect', keys=['imgs', 'label'], meta_keys=[]),
            dict(type='ToTensor', keys=['imgs'])
        ]),
    test=dict(
        type='PoseDataset',
        ann_file=
        '/netscratch/jsingh/thesis/datasets/AUTHUAVGestureDatasetVideos_fps-15/uavgesture_annos_hrnet.pkl',
        split='test',
        pipeline=[
            dict(type='UniformSampleFrames', clip_len=48, num_clips=10),
            dict(type='PoseDecode'),
            dict(type='PoseCompact', hw_ratio=1.0, allow_imgpad=True),
            dict(type='Resize', scale=(64, 64), keep_ratio=False),
            dict(
                type='GeneratePoseTarget',
                with_kp=False,
                with_limb=True,
                skeletons=[[0, 5], [0, 6], [5, 7], [7, 9], [6, 8], [8, 10],
                           [5, 11], [11, 13], [13, 15], [6, 12], [12, 14],
                           [14, 16], [0, 1], [0, 2], [1, 3], [2, 4], [11, 12]],
                double=True,
                left_kp=[1, 3, 5, 7, 9, 11, 13, 15],
                right_kp=[2, 4, 6, 8, 10, 12, 14, 16],
                left_limb=[0, 2, 3, 6, 7, 8, 12, 14],
                right_limb=[1, 4, 5, 9, 10, 11, 13, 15]),
            dict(type='FormatShape', input_format='NCTHW_Heatmap'),
            dict(type='Collect', keys=['imgs', 'label'], meta_keys=[]),
            dict(type='ToTensor', keys=['imgs'])
        ]))
optimizer = dict(type='SGD', lr=0.4, momentum=0.9, weight_decay=0.0003)
optimizer_config = dict(grad_clip=dict(max_norm=40, norm_type=2))
lr_config = dict(policy='CosineAnnealing', by_epoch=False, min_lr=0)
total_epochs = 24
checkpoint_config = dict(interval=1)
evaluation = dict(
    interval=1, metrics=['top_k_accuracy', 'mean_class_accuracy'], topk=(1, 5))
log_config = dict(interval=20, hooks=[dict(type='TextLoggerHook')])
log_level = 'INFO'
work_dir = './work_dirs/posec3d/slowonly_r50_ntu60_xsub/limb_uav_new'
dist_params = dict(backend='nccl')
gpu_ids = range(0, 1)

2024-07-09 17:02:08,904 - pyskl - INFO - Set random seed to 534147344, deterministic: False
2024-07-09 17:02:09,129 - pyskl - INFO - 1932 videos remain after valid thresholding
2024-07-09 17:02:14,442 - pyskl - INFO - 459 videos remain after valid thresholding
2024-07-09 17:02:14,442 - pyskl - INFO - Start running, host: jsingh@kusel, work_dir: /home/jsingh/projects/thesis/code/pyskl_thesis/work_dirs/posec3d/slowonly_r50_ntu60_xsub/limb_uav_new
2024-07-09 17:02:14,443 - pyskl - INFO - Hooks will be executed in the following order:
before_run:
(VERY_HIGH   ) CosineAnnealingLrUpdaterHook       
(NORMAL      ) CheckpointHook                     
(NORMAL      ) DistEvalHook                       
(VERY_LOW    ) TextLoggerHook                     
 -------------------- 
before_train_epoch:
(VERY_HIGH   ) CosineAnnealingLrUpdaterHook       
(NORMAL      ) DistSamplerSeedHook                
(NORMAL      ) DistEvalHook                       
(LOW         ) IterTimerHook                      
(VERY_LOW    ) TextLoggerHook                     
 -------------------- 
before_train_iter:
(VERY_HIGH   ) CosineAnnealingLrUpdaterHook       
(NORMAL      ) DistEvalHook                       
(LOW         ) IterTimerHook                      
 -------------------- 
after_train_iter:
(ABOVE_NORMAL) OptimizerHook                      
(NORMAL      ) CheckpointHook                     
(NORMAL      ) DistEvalHook                       
(LOW         ) IterTimerHook                      
(VERY_LOW    ) TextLoggerHook                     
 -------------------- 
after_train_epoch:
(NORMAL      ) CheckpointHook                     
(NORMAL      ) DistEvalHook                       
(VERY_LOW    ) TextLoggerHook                     
 -------------------- 
before_val_epoch:
(NORMAL      ) DistSamplerSeedHook                
(LOW         ) IterTimerHook                      
(VERY_LOW    ) TextLoggerHook                     
 -------------------- 
before_val_iter:
(LOW         ) IterTimerHook                      
 -------------------- 
after_val_iter:
(LOW         ) IterTimerHook                      
 -------------------- 
after_val_epoch:
(VERY_LOW    ) TextLoggerHook                     
 -------------------- 
after_run:
(VERY_LOW    ) TextLoggerHook                     
 -------------------- 
2024-07-09 17:02:14,443 - pyskl - INFO - workflow: [('train', 1)], max: 24 epochs
2024-07-09 17:02:14,443 - pyskl - INFO - Checkpoints will be saved to /home/jsingh/projects/thesis/code/pyskl_thesis/work_dirs/posec3d/slowonly_r50_ntu60_xsub/limb_uav_new by HardDiskBackend.
[W reducer.cpp:1289] Warning: find_unused_parameters=True was specified in DDP constructor, but did not find any unused parameters in the forward pass. This flag results in an extra traversal of the autograd graph every iteration,  which can adversely affect performance. If your model indeed never has any unused parameters in the forward pass, consider turning this flag off. Note that this warning may be a false positive if your model has flow control causing later iterations to have unused parameters. (function operator())
2024-07-09 17:03:01,837 - pyskl - INFO - Epoch [1][20/604]	lr: 4.000e-01, eta: 9:31:42, time: 2.370, data_time: 1.236, memory: 18980, top1_acc: 0.1953, top5_acc: 0.8672, loss_cls: 2.2225, loss: 2.2225, grad_norm: 1.7676
2024-07-09 17:03:31,224 - pyskl - INFO - Epoch [1][40/604]	lr: 4.000e-01, eta: 7:42:27, time: 1.469, data_time: 0.502, memory: 18980, top1_acc: 0.1938, top5_acc: 0.9047, loss_cls: 1.8280, loss: 1.8280, grad_norm: 0.5314
2024-07-09 17:04:01,489 - pyskl - INFO - Epoch [1][60/604]	lr: 4.000e-01, eta: 7:09:14, time: 1.513, data_time: 0.548, memory: 18980, top1_acc: 0.2156, top5_acc: 0.8938, loss_cls: 1.8150, loss: 1.8150, grad_norm: 0.4231
2024-07-09 17:04:30,505 - pyskl - INFO - Epoch [1][80/604]	lr: 4.000e-01, eta: 6:48:37, time: 1.451, data_time: 0.476, memory: 18980, top1_acc: 0.2219, top5_acc: 0.8672, loss_cls: 1.8372, loss: 1.8372, grad_norm: 0.4717
2024-07-09 17:05:00,473 - pyskl - INFO - Epoch [1][100/604]	lr: 4.000e-01, eta: 6:38:21, time: 1.498, data_time: 0.536, memory: 18980, top1_acc: 0.2984, top5_acc: 0.9266, loss_cls: 1.6996, loss: 1.6996, grad_norm: 0.4054
2024-07-09 17:05:29,792 - pyskl - INFO - Epoch [1][120/604]	lr: 3.999e-01, eta: 6:30:02, time: 1.466, data_time: 0.500, memory: 18980, top1_acc: 0.3219, top5_acc: 0.9437, loss_cls: 1.6182, loss: 1.6182, grad_norm: 0.4769
srun: Job step aborted: Waiting up to 32 seconds for job step to finish.
slurmstepd: error: *** JOB 1120858 ON kusel CANCELLED AT 2024-07-09T17:05:47 ***
slurmstepd: error: *** STEP 1120858.0 ON kusel CANCELLED AT 2024-07-09T17:05:47 ***
